[2025-06-15T01:00:20.488+0100] {processor.py:161} INFO - Started process (PID=229873) to work on /home/press/miniconda3/envs/acronis/lib/python3.9/site-packages/airflow/example_dags/example_branch_operator.py
[2025-06-15T01:00:20.488+0100] {processor.py:830} INFO - Processing file /home/press/miniconda3/envs/acronis/lib/python3.9/site-packages/airflow/example_dags/example_branch_operator.py for tasks to queue
[2025-06-15T01:00:20.489+0100] {logging_mixin.py:188} INFO - [2025-06-15T01:00:20.489+0100] {dagbag.py:545} INFO - Filling up the DagBag from /home/press/miniconda3/envs/acronis/lib/python3.9/site-packages/airflow/example_dags/example_branch_operator.py
[2025-06-15T01:00:20.513+0100] {processor.py:842} WARNING - No viable dags retrieved from /home/press/miniconda3/envs/acronis/lib/python3.9/site-packages/airflow/example_dags/example_branch_operator.py
[2025-06-15T01:00:20.519+0100] {processor.py:183} INFO - Processing /home/press/miniconda3/envs/acronis/lib/python3.9/site-packages/airflow/example_dags/example_branch_operator.py took 0.035 seconds
[2025-06-15T01:01:30.196+0100] {processor.py:161} INFO - Started process (PID=230462) to work on /home/press/miniconda3/envs/acronis/lib/python3.9/site-packages/airflow/example_dags/example_branch_operator.py
[2025-06-15T01:01:30.202+0100] {processor.py:830} INFO - Processing file /home/press/miniconda3/envs/acronis/lib/python3.9/site-packages/airflow/example_dags/example_branch_operator.py for tasks to queue
[2025-06-15T01:01:30.203+0100] {logging_mixin.py:188} INFO - [2025-06-15T01:01:30.202+0100] {dagbag.py:545} INFO - Filling up the DagBag from /home/press/miniconda3/envs/acronis/lib/python3.9/site-packages/airflow/example_dags/example_branch_operator.py
[2025-06-15T01:01:30.231+0100] {processor.py:842} WARNING - No viable dags retrieved from /home/press/miniconda3/envs/acronis/lib/python3.9/site-packages/airflow/example_dags/example_branch_operator.py
[2025-06-15T01:01:30.237+0100] {processor.py:183} INFO - Processing /home/press/miniconda3/envs/acronis/lib/python3.9/site-packages/airflow/example_dags/example_branch_operator.py took 0.044 seconds
[2025-06-15T01:02:35.584+0100] {processor.py:161} INFO - Started process (PID=230877) to work on /home/press/miniconda3/envs/acronis/lib/python3.9/site-packages/airflow/example_dags/example_branch_operator.py
[2025-06-15T01:02:35.589+0100] {processor.py:830} INFO - Processing file /home/press/miniconda3/envs/acronis/lib/python3.9/site-packages/airflow/example_dags/example_branch_operator.py for tasks to queue
[2025-06-15T01:02:35.590+0100] {logging_mixin.py:188} INFO - [2025-06-15T01:02:35.590+0100] {dagbag.py:545} INFO - Filling up the DagBag from /home/press/miniconda3/envs/acronis/lib/python3.9/site-packages/airflow/example_dags/example_branch_operator.py
[2025-06-15T01:02:35.624+0100] {processor.py:842} WARNING - No viable dags retrieved from /home/press/miniconda3/envs/acronis/lib/python3.9/site-packages/airflow/example_dags/example_branch_operator.py
[2025-06-15T01:02:35.629+0100] {processor.py:183} INFO - Processing /home/press/miniconda3/envs/acronis/lib/python3.9/site-packages/airflow/example_dags/example_branch_operator.py took 0.049 seconds
[2025-06-15T01:03:44.358+0100] {processor.py:161} INFO - Started process (PID=231425) to work on /home/press/miniconda3/envs/acronis/lib/python3.9/site-packages/airflow/example_dags/example_branch_operator.py
[2025-06-15T01:03:44.363+0100] {processor.py:830} INFO - Processing file /home/press/miniconda3/envs/acronis/lib/python3.9/site-packages/airflow/example_dags/example_branch_operator.py for tasks to queue
[2025-06-15T01:03:44.364+0100] {logging_mixin.py:188} INFO - [2025-06-15T01:03:44.364+0100] {dagbag.py:545} INFO - Filling up the DagBag from /home/press/miniconda3/envs/acronis/lib/python3.9/site-packages/airflow/example_dags/example_branch_operator.py
[2025-06-15T01:03:44.387+0100] {processor.py:842} WARNING - No viable dags retrieved from /home/press/miniconda3/envs/acronis/lib/python3.9/site-packages/airflow/example_dags/example_branch_operator.py
[2025-06-15T01:03:44.392+0100] {processor.py:183} INFO - Processing /home/press/miniconda3/envs/acronis/lib/python3.9/site-packages/airflow/example_dags/example_branch_operator.py took 0.038 seconds
[2025-06-15T01:04:52.045+0100] {processor.py:161} INFO - Started process (PID=231903) to work on /home/press/miniconda3/envs/acronis/lib/python3.9/site-packages/airflow/example_dags/example_branch_operator.py
[2025-06-15T01:04:52.051+0100] {processor.py:830} INFO - Processing file /home/press/miniconda3/envs/acronis/lib/python3.9/site-packages/airflow/example_dags/example_branch_operator.py for tasks to queue
[2025-06-15T01:04:52.052+0100] {logging_mixin.py:188} INFO - [2025-06-15T01:04:52.051+0100] {dagbag.py:545} INFO - Filling up the DagBag from /home/press/miniconda3/envs/acronis/lib/python3.9/site-packages/airflow/example_dags/example_branch_operator.py
[2025-06-15T01:04:52.070+0100] {processor.py:842} WARNING - No viable dags retrieved from /home/press/miniconda3/envs/acronis/lib/python3.9/site-packages/airflow/example_dags/example_branch_operator.py
[2025-06-15T01:04:52.075+0100] {processor.py:183} INFO - Processing /home/press/miniconda3/envs/acronis/lib/python3.9/site-packages/airflow/example_dags/example_branch_operator.py took 0.033 seconds
[2025-06-15T01:05:59.954+0100] {processor.py:161} INFO - Started process (PID=232487) to work on /home/press/miniconda3/envs/acronis/lib/python3.9/site-packages/airflow/example_dags/example_branch_operator.py
[2025-06-15T01:05:59.959+0100] {processor.py:830} INFO - Processing file /home/press/miniconda3/envs/acronis/lib/python3.9/site-packages/airflow/example_dags/example_branch_operator.py for tasks to queue
[2025-06-15T01:05:59.960+0100] {logging_mixin.py:188} INFO - [2025-06-15T01:05:59.960+0100] {dagbag.py:545} INFO - Filling up the DagBag from /home/press/miniconda3/envs/acronis/lib/python3.9/site-packages/airflow/example_dags/example_branch_operator.py
[2025-06-15T01:05:59.975+0100] {processor.py:842} WARNING - No viable dags retrieved from /home/press/miniconda3/envs/acronis/lib/python3.9/site-packages/airflow/example_dags/example_branch_operator.py
[2025-06-15T01:05:59.980+0100] {processor.py:183} INFO - Processing /home/press/miniconda3/envs/acronis/lib/python3.9/site-packages/airflow/example_dags/example_branch_operator.py took 0.029 seconds
[2025-06-15T01:07:06.843+0100] {processor.py:161} INFO - Started process (PID=232959) to work on /home/press/miniconda3/envs/acronis/lib/python3.9/site-packages/airflow/example_dags/example_branch_operator.py
[2025-06-15T01:07:06.848+0100] {processor.py:830} INFO - Processing file /home/press/miniconda3/envs/acronis/lib/python3.9/site-packages/airflow/example_dags/example_branch_operator.py for tasks to queue
[2025-06-15T01:07:06.849+0100] {logging_mixin.py:188} INFO - [2025-06-15T01:07:06.849+0100] {dagbag.py:545} INFO - Filling up the DagBag from /home/press/miniconda3/envs/acronis/lib/python3.9/site-packages/airflow/example_dags/example_branch_operator.py
[2025-06-15T01:07:06.880+0100] {processor.py:842} WARNING - No viable dags retrieved from /home/press/miniconda3/envs/acronis/lib/python3.9/site-packages/airflow/example_dags/example_branch_operator.py
[2025-06-15T01:07:06.886+0100] {processor.py:183} INFO - Processing /home/press/miniconda3/envs/acronis/lib/python3.9/site-packages/airflow/example_dags/example_branch_operator.py took 0.046 seconds
[2025-06-15T01:08:10.087+0100] {processor.py:161} INFO - Started process (PID=233504) to work on /home/press/miniconda3/envs/acronis/lib/python3.9/site-packages/airflow/example_dags/example_branch_operator.py
[2025-06-15T01:08:10.093+0100] {processor.py:830} INFO - Processing file /home/press/miniconda3/envs/acronis/lib/python3.9/site-packages/airflow/example_dags/example_branch_operator.py for tasks to queue
[2025-06-15T01:08:10.094+0100] {logging_mixin.py:188} INFO - [2025-06-15T01:08:10.093+0100] {dagbag.py:545} INFO - Filling up the DagBag from /home/press/miniconda3/envs/acronis/lib/python3.9/site-packages/airflow/example_dags/example_branch_operator.py
[2025-06-15T01:08:10.109+0100] {processor.py:842} WARNING - No viable dags retrieved from /home/press/miniconda3/envs/acronis/lib/python3.9/site-packages/airflow/example_dags/example_branch_operator.py
[2025-06-15T01:08:10.115+0100] {processor.py:183} INFO - Processing /home/press/miniconda3/envs/acronis/lib/python3.9/site-packages/airflow/example_dags/example_branch_operator.py took 0.031 seconds
[2025-06-15T01:09:21.318+0100] {processor.py:161} INFO - Started process (PID=234093) to work on /home/press/miniconda3/envs/acronis/lib/python3.9/site-packages/airflow/example_dags/example_branch_operator.py
[2025-06-15T01:09:21.320+0100] {processor.py:830} INFO - Processing file /home/press/miniconda3/envs/acronis/lib/python3.9/site-packages/airflow/example_dags/example_branch_operator.py for tasks to queue
[2025-06-15T01:09:21.320+0100] {logging_mixin.py:188} INFO - [2025-06-15T01:09:21.320+0100] {dagbag.py:545} INFO - Filling up the DagBag from /home/press/miniconda3/envs/acronis/lib/python3.9/site-packages/airflow/example_dags/example_branch_operator.py
[2025-06-15T01:09:21.371+0100] {processor.py:842} WARNING - No viable dags retrieved from /home/press/miniconda3/envs/acronis/lib/python3.9/site-packages/airflow/example_dags/example_branch_operator.py
[2025-06-15T01:09:21.377+0100] {processor.py:183} INFO - Processing /home/press/miniconda3/envs/acronis/lib/python3.9/site-packages/airflow/example_dags/example_branch_operator.py took 0.062 seconds
[2025-06-15T01:10:26.705+0100] {processor.py:161} INFO - Started process (PID=234641) to work on /home/press/miniconda3/envs/acronis/lib/python3.9/site-packages/airflow/example_dags/example_branch_operator.py
[2025-06-15T01:10:26.710+0100] {processor.py:830} INFO - Processing file /home/press/miniconda3/envs/acronis/lib/python3.9/site-packages/airflow/example_dags/example_branch_operator.py for tasks to queue
[2025-06-15T01:10:26.711+0100] {logging_mixin.py:188} INFO - [2025-06-15T01:10:26.711+0100] {dagbag.py:545} INFO - Filling up the DagBag from /home/press/miniconda3/envs/acronis/lib/python3.9/site-packages/airflow/example_dags/example_branch_operator.py
[2025-06-15T01:10:26.736+0100] {processor.py:842} WARNING - No viable dags retrieved from /home/press/miniconda3/envs/acronis/lib/python3.9/site-packages/airflow/example_dags/example_branch_operator.py
[2025-06-15T01:10:26.742+0100] {processor.py:183} INFO - Processing /home/press/miniconda3/envs/acronis/lib/python3.9/site-packages/airflow/example_dags/example_branch_operator.py took 0.042 seconds
[2025-06-15T01:11:45.106+0100] {processor.py:161} INFO - Started process (PID=235965) to work on /home/press/miniconda3/envs/acronis/lib/python3.9/site-packages/airflow/example_dags/example_branch_operator.py
[2025-06-15T01:11:45.107+0100] {processor.py:830} INFO - Processing file /home/press/miniconda3/envs/acronis/lib/python3.9/site-packages/airflow/example_dags/example_branch_operator.py for tasks to queue
[2025-06-15T01:11:45.108+0100] {logging_mixin.py:188} INFO - [2025-06-15T01:11:45.108+0100] {dagbag.py:545} INFO - Filling up the DagBag from /home/press/miniconda3/envs/acronis/lib/python3.9/site-packages/airflow/example_dags/example_branch_operator.py
[2025-06-15T01:11:45.136+0100] {processor.py:842} WARNING - No viable dags retrieved from /home/press/miniconda3/envs/acronis/lib/python3.9/site-packages/airflow/example_dags/example_branch_operator.py
[2025-06-15T01:11:45.141+0100] {processor.py:183} INFO - Processing /home/press/miniconda3/envs/acronis/lib/python3.9/site-packages/airflow/example_dags/example_branch_operator.py took 0.038 seconds
[2025-06-15T01:12:51.103+0100] {processor.py:161} INFO - Started process (PID=236575) to work on /home/press/miniconda3/envs/acronis/lib/python3.9/site-packages/airflow/example_dags/example_branch_operator.py
[2025-06-15T01:12:51.104+0100] {processor.py:830} INFO - Processing file /home/press/miniconda3/envs/acronis/lib/python3.9/site-packages/airflow/example_dags/example_branch_operator.py for tasks to queue
[2025-06-15T01:12:51.105+0100] {logging_mixin.py:188} INFO - [2025-06-15T01:12:51.104+0100] {dagbag.py:545} INFO - Filling up the DagBag from /home/press/miniconda3/envs/acronis/lib/python3.9/site-packages/airflow/example_dags/example_branch_operator.py
[2025-06-15T01:12:51.125+0100] {processor.py:842} WARNING - No viable dags retrieved from /home/press/miniconda3/envs/acronis/lib/python3.9/site-packages/airflow/example_dags/example_branch_operator.py
[2025-06-15T01:12:51.131+0100] {processor.py:183} INFO - Processing /home/press/miniconda3/envs/acronis/lib/python3.9/site-packages/airflow/example_dags/example_branch_operator.py took 0.031 seconds
[2025-06-15T01:13:45.126+0100] {processor.py:161} INFO - Started process (PID=236999) to work on /home/press/miniconda3/envs/acronis/lib/python3.9/site-packages/airflow/example_dags/example_branch_operator.py
[2025-06-15T01:13:45.132+0100] {processor.py:830} INFO - Processing file /home/press/miniconda3/envs/acronis/lib/python3.9/site-packages/airflow/example_dags/example_branch_operator.py for tasks to queue
[2025-06-15T01:13:45.132+0100] {logging_mixin.py:188} INFO - [2025-06-15T01:13:45.132+0100] {dagbag.py:545} INFO - Filling up the DagBag from /home/press/miniconda3/envs/acronis/lib/python3.9/site-packages/airflow/example_dags/example_branch_operator.py
[2025-06-15T01:13:45.148+0100] {processor.py:842} WARNING - No viable dags retrieved from /home/press/miniconda3/envs/acronis/lib/python3.9/site-packages/airflow/example_dags/example_branch_operator.py
[2025-06-15T01:13:45.153+0100] {processor.py:183} INFO - Processing /home/press/miniconda3/envs/acronis/lib/python3.9/site-packages/airflow/example_dags/example_branch_operator.py took 0.030 seconds
[2025-06-15T01:14:56.055+0100] {processor.py:161} INFO - Started process (PID=238083) to work on /home/press/miniconda3/envs/acronis/lib/python3.9/site-packages/airflow/example_dags/example_branch_operator.py
[2025-06-15T01:14:56.061+0100] {processor.py:830} INFO - Processing file /home/press/miniconda3/envs/acronis/lib/python3.9/site-packages/airflow/example_dags/example_branch_operator.py for tasks to queue
[2025-06-15T01:14:56.061+0100] {logging_mixin.py:188} INFO - [2025-06-15T01:14:56.061+0100] {dagbag.py:545} INFO - Filling up the DagBag from /home/press/miniconda3/envs/acronis/lib/python3.9/site-packages/airflow/example_dags/example_branch_operator.py
[2025-06-15T01:14:56.085+0100] {processor.py:842} WARNING - No viable dags retrieved from /home/press/miniconda3/envs/acronis/lib/python3.9/site-packages/airflow/example_dags/example_branch_operator.py
[2025-06-15T01:14:56.091+0100] {processor.py:183} INFO - Processing /home/press/miniconda3/envs/acronis/lib/python3.9/site-packages/airflow/example_dags/example_branch_operator.py took 0.039 seconds
[2025-06-15T01:15:59.713+0100] {processor.py:161} INFO - Started process (PID=238919) to work on /home/press/miniconda3/envs/acronis/lib/python3.9/site-packages/airflow/example_dags/example_branch_operator.py
[2025-06-15T01:15:59.718+0100] {processor.py:830} INFO - Processing file /home/press/miniconda3/envs/acronis/lib/python3.9/site-packages/airflow/example_dags/example_branch_operator.py for tasks to queue
[2025-06-15T01:15:59.719+0100] {logging_mixin.py:188} INFO - [2025-06-15T01:15:59.719+0100] {dagbag.py:545} INFO - Filling up the DagBag from /home/press/miniconda3/envs/acronis/lib/python3.9/site-packages/airflow/example_dags/example_branch_operator.py
[2025-06-15T01:15:59.737+0100] {processor.py:842} WARNING - No viable dags retrieved from /home/press/miniconda3/envs/acronis/lib/python3.9/site-packages/airflow/example_dags/example_branch_operator.py
[2025-06-15T01:15:59.742+0100] {processor.py:183} INFO - Processing /home/press/miniconda3/envs/acronis/lib/python3.9/site-packages/airflow/example_dags/example_branch_operator.py took 0.032 seconds
[2025-06-15T01:17:16.665+0100] {processor.py:161} INFO - Started process (PID=240354) to work on /home/press/miniconda3/envs/acronis/lib/python3.9/site-packages/airflow/example_dags/example_branch_operator.py
[2025-06-15T01:17:16.670+0100] {processor.py:830} INFO - Processing file /home/press/miniconda3/envs/acronis/lib/python3.9/site-packages/airflow/example_dags/example_branch_operator.py for tasks to queue
[2025-06-15T01:17:16.671+0100] {logging_mixin.py:188} INFO - [2025-06-15T01:17:16.671+0100] {dagbag.py:545} INFO - Filling up the DagBag from /home/press/miniconda3/envs/acronis/lib/python3.9/site-packages/airflow/example_dags/example_branch_operator.py
[2025-06-15T01:17:16.710+0100] {processor.py:842} WARNING - No viable dags retrieved from /home/press/miniconda3/envs/acronis/lib/python3.9/site-packages/airflow/example_dags/example_branch_operator.py
[2025-06-15T01:17:16.716+0100] {processor.py:183} INFO - Processing /home/press/miniconda3/envs/acronis/lib/python3.9/site-packages/airflow/example_dags/example_branch_operator.py took 0.055 seconds
[2025-06-15T01:18:13.272+0100] {processor.py:161} INFO - Started process (PID=240764) to work on /home/press/miniconda3/envs/acronis/lib/python3.9/site-packages/airflow/example_dags/example_branch_operator.py
[2025-06-15T01:18:13.273+0100] {processor.py:830} INFO - Processing file /home/press/miniconda3/envs/acronis/lib/python3.9/site-packages/airflow/example_dags/example_branch_operator.py for tasks to queue
[2025-06-15T01:18:13.274+0100] {logging_mixin.py:188} INFO - [2025-06-15T01:18:13.274+0100] {dagbag.py:545} INFO - Filling up the DagBag from /home/press/miniconda3/envs/acronis/lib/python3.9/site-packages/airflow/example_dags/example_branch_operator.py
[2025-06-15T01:18:13.295+0100] {processor.py:842} WARNING - No viable dags retrieved from /home/press/miniconda3/envs/acronis/lib/python3.9/site-packages/airflow/example_dags/example_branch_operator.py
[2025-06-15T01:18:13.300+0100] {processor.py:183} INFO - Processing /home/press/miniconda3/envs/acronis/lib/python3.9/site-packages/airflow/example_dags/example_branch_operator.py took 0.032 seconds
[2025-06-15T01:19:06.818+0100] {processor.py:161} INFO - Started process (PID=241139) to work on /home/press/miniconda3/envs/acronis/lib/python3.9/site-packages/airflow/example_dags/example_branch_operator.py
[2025-06-15T01:19:06.819+0100] {processor.py:830} INFO - Processing file /home/press/miniconda3/envs/acronis/lib/python3.9/site-packages/airflow/example_dags/example_branch_operator.py for tasks to queue
[2025-06-15T01:19:06.820+0100] {logging_mixin.py:188} INFO - [2025-06-15T01:19:06.820+0100] {dagbag.py:545} INFO - Filling up the DagBag from /home/press/miniconda3/envs/acronis/lib/python3.9/site-packages/airflow/example_dags/example_branch_operator.py
[2025-06-15T01:19:06.854+0100] {processor.py:842} WARNING - No viable dags retrieved from /home/press/miniconda3/envs/acronis/lib/python3.9/site-packages/airflow/example_dags/example_branch_operator.py
[2025-06-15T01:19:06.860+0100] {processor.py:183} INFO - Processing /home/press/miniconda3/envs/acronis/lib/python3.9/site-packages/airflow/example_dags/example_branch_operator.py took 0.046 seconds
[2025-06-15T01:20:12.096+0100] {processor.py:161} INFO - Started process (PID=241574) to work on /home/press/miniconda3/envs/acronis/lib/python3.9/site-packages/airflow/example_dags/example_branch_operator.py
[2025-06-15T01:20:12.097+0100] {processor.py:830} INFO - Processing file /home/press/miniconda3/envs/acronis/lib/python3.9/site-packages/airflow/example_dags/example_branch_operator.py for tasks to queue
[2025-06-15T01:20:12.098+0100] {logging_mixin.py:188} INFO - [2025-06-15T01:20:12.098+0100] {dagbag.py:545} INFO - Filling up the DagBag from /home/press/miniconda3/envs/acronis/lib/python3.9/site-packages/airflow/example_dags/example_branch_operator.py
[2025-06-15T01:20:12.133+0100] {processor.py:842} WARNING - No viable dags retrieved from /home/press/miniconda3/envs/acronis/lib/python3.9/site-packages/airflow/example_dags/example_branch_operator.py
[2025-06-15T01:20:12.139+0100] {processor.py:183} INFO - Processing /home/press/miniconda3/envs/acronis/lib/python3.9/site-packages/airflow/example_dags/example_branch_operator.py took 0.046 seconds
[2025-06-15T01:21:18.152+0100] {processor.py:161} INFO - Started process (PID=242000) to work on /home/press/miniconda3/envs/acronis/lib/python3.9/site-packages/airflow/example_dags/example_branch_operator.py
[2025-06-15T01:21:18.157+0100] {processor.py:830} INFO - Processing file /home/press/miniconda3/envs/acronis/lib/python3.9/site-packages/airflow/example_dags/example_branch_operator.py for tasks to queue
[2025-06-15T01:21:18.158+0100] {logging_mixin.py:188} INFO - [2025-06-15T01:21:18.158+0100] {dagbag.py:545} INFO - Filling up the DagBag from /home/press/miniconda3/envs/acronis/lib/python3.9/site-packages/airflow/example_dags/example_branch_operator.py
[2025-06-15T01:21:18.180+0100] {processor.py:842} WARNING - No viable dags retrieved from /home/press/miniconda3/envs/acronis/lib/python3.9/site-packages/airflow/example_dags/example_branch_operator.py
[2025-06-15T01:21:18.185+0100] {processor.py:183} INFO - Processing /home/press/miniconda3/envs/acronis/lib/python3.9/site-packages/airflow/example_dags/example_branch_operator.py took 0.036 seconds
[2025-06-15T01:22:25.822+0100] {processor.py:161} INFO - Started process (PID=242464) to work on /home/press/miniconda3/envs/acronis/lib/python3.9/site-packages/airflow/example_dags/example_branch_operator.py
[2025-06-15T01:22:25.823+0100] {processor.py:830} INFO - Processing file /home/press/miniconda3/envs/acronis/lib/python3.9/site-packages/airflow/example_dags/example_branch_operator.py for tasks to queue
[2025-06-15T01:22:25.824+0100] {logging_mixin.py:188} INFO - [2025-06-15T01:22:25.824+0100] {dagbag.py:545} INFO - Filling up the DagBag from /home/press/miniconda3/envs/acronis/lib/python3.9/site-packages/airflow/example_dags/example_branch_operator.py
[2025-06-15T01:22:25.871+0100] {processor.py:842} WARNING - No viable dags retrieved from /home/press/miniconda3/envs/acronis/lib/python3.9/site-packages/airflow/example_dags/example_branch_operator.py
[2025-06-15T01:22:25.877+0100] {processor.py:183} INFO - Processing /home/press/miniconda3/envs/acronis/lib/python3.9/site-packages/airflow/example_dags/example_branch_operator.py took 0.058 seconds
[2025-06-15T07:57:06.558+0100] {processor.py:161} INFO - Started process (PID=254085) to work on /home/press/miniconda3/envs/acronis/lib/python3.9/site-packages/airflow/example_dags/example_branch_operator.py
[2025-06-15T07:57:06.564+0100] {processor.py:830} INFO - Processing file /home/press/miniconda3/envs/acronis/lib/python3.9/site-packages/airflow/example_dags/example_branch_operator.py for tasks to queue
[2025-06-15T07:57:06.565+0100] {logging_mixin.py:188} INFO - [2025-06-15T07:57:06.565+0100] {dagbag.py:545} INFO - Filling up the DagBag from /home/press/miniconda3/envs/acronis/lib/python3.9/site-packages/airflow/example_dags/example_branch_operator.py
[2025-06-15T07:57:06.596+0100] {processor.py:842} WARNING - No viable dags retrieved from /home/press/miniconda3/envs/acronis/lib/python3.9/site-packages/airflow/example_dags/example_branch_operator.py
[2025-06-15T07:57:06.601+0100] {processor.py:183} INFO - Processing /home/press/miniconda3/envs/acronis/lib/python3.9/site-packages/airflow/example_dags/example_branch_operator.py took 0.046 seconds
[2025-06-15T07:58:07.067+0100] {processor.py:161} INFO - Started process (PID=254490) to work on /home/press/miniconda3/envs/acronis/lib/python3.9/site-packages/airflow/example_dags/example_branch_operator.py
[2025-06-15T07:58:07.072+0100] {processor.py:830} INFO - Processing file /home/press/miniconda3/envs/acronis/lib/python3.9/site-packages/airflow/example_dags/example_branch_operator.py for tasks to queue
[2025-06-15T07:58:07.073+0100] {logging_mixin.py:188} INFO - [2025-06-15T07:58:07.072+0100] {dagbag.py:545} INFO - Filling up the DagBag from /home/press/miniconda3/envs/acronis/lib/python3.9/site-packages/airflow/example_dags/example_branch_operator.py
[2025-06-15T07:58:07.089+0100] {processor.py:842} WARNING - No viable dags retrieved from /home/press/miniconda3/envs/acronis/lib/python3.9/site-packages/airflow/example_dags/example_branch_operator.py
[2025-06-15T07:58:07.094+0100] {processor.py:183} INFO - Processing /home/press/miniconda3/envs/acronis/lib/python3.9/site-packages/airflow/example_dags/example_branch_operator.py took 0.031 seconds
[2025-06-15T07:59:06.030+0100] {processor.py:161} INFO - Started process (PID=254748) to work on /home/press/miniconda3/envs/acronis/lib/python3.9/site-packages/airflow/example_dags/example_branch_operator.py
[2025-06-15T07:59:06.031+0100] {processor.py:830} INFO - Processing file /home/press/miniconda3/envs/acronis/lib/python3.9/site-packages/airflow/example_dags/example_branch_operator.py for tasks to queue
[2025-06-15T07:59:06.032+0100] {logging_mixin.py:188} INFO - [2025-06-15T07:59:06.031+0100] {dagbag.py:545} INFO - Filling up the DagBag from /home/press/miniconda3/envs/acronis/lib/python3.9/site-packages/airflow/example_dags/example_branch_operator.py
[2025-06-15T07:59:06.067+0100] {processor.py:842} WARNING - No viable dags retrieved from /home/press/miniconda3/envs/acronis/lib/python3.9/site-packages/airflow/example_dags/example_branch_operator.py
[2025-06-15T07:59:06.073+0100] {processor.py:183} INFO - Processing /home/press/miniconda3/envs/acronis/lib/python3.9/site-packages/airflow/example_dags/example_branch_operator.py took 0.047 seconds
[2025-06-15T08:00:04.669+0100] {processor.py:161} INFO - Started process (PID=255717) to work on /home/press/miniconda3/envs/acronis/lib/python3.9/site-packages/airflow/example_dags/example_branch_operator.py
[2025-06-15T08:00:04.675+0100] {processor.py:830} INFO - Processing file /home/press/miniconda3/envs/acronis/lib/python3.9/site-packages/airflow/example_dags/example_branch_operator.py for tasks to queue
[2025-06-15T08:00:04.676+0100] {logging_mixin.py:188} INFO - [2025-06-15T08:00:04.676+0100] {dagbag.py:545} INFO - Filling up the DagBag from /home/press/miniconda3/envs/acronis/lib/python3.9/site-packages/airflow/example_dags/example_branch_operator.py
[2025-06-15T08:00:04.708+0100] {processor.py:842} WARNING - No viable dags retrieved from /home/press/miniconda3/envs/acronis/lib/python3.9/site-packages/airflow/example_dags/example_branch_operator.py
[2025-06-15T08:00:04.714+0100] {processor.py:183} INFO - Processing /home/press/miniconda3/envs/acronis/lib/python3.9/site-packages/airflow/example_dags/example_branch_operator.py took 0.048 seconds
[2025-06-15T08:01:00.581+0100] {processor.py:161} INFO - Started process (PID=256039) to work on /home/press/miniconda3/envs/acronis/lib/python3.9/site-packages/airflow/example_dags/example_branch_operator.py
[2025-06-15T08:01:00.582+0100] {processor.py:830} INFO - Processing file /home/press/miniconda3/envs/acronis/lib/python3.9/site-packages/airflow/example_dags/example_branch_operator.py for tasks to queue
[2025-06-15T08:01:00.583+0100] {logging_mixin.py:188} INFO - [2025-06-15T08:01:00.583+0100] {dagbag.py:545} INFO - Filling up the DagBag from /home/press/miniconda3/envs/acronis/lib/python3.9/site-packages/airflow/example_dags/example_branch_operator.py
[2025-06-15T08:01:00.604+0100] {processor.py:842} WARNING - No viable dags retrieved from /home/press/miniconda3/envs/acronis/lib/python3.9/site-packages/airflow/example_dags/example_branch_operator.py
[2025-06-15T08:01:00.609+0100] {processor.py:183} INFO - Processing /home/press/miniconda3/envs/acronis/lib/python3.9/site-packages/airflow/example_dags/example_branch_operator.py took 0.031 seconds
[2025-06-15T08:02:00.086+0100] {processor.py:161} INFO - Started process (PID=256404) to work on /home/press/miniconda3/envs/acronis/lib/python3.9/site-packages/airflow/example_dags/example_branch_operator.py
[2025-06-15T08:02:00.088+0100] {processor.py:830} INFO - Processing file /home/press/miniconda3/envs/acronis/lib/python3.9/site-packages/airflow/example_dags/example_branch_operator.py for tasks to queue
[2025-06-15T08:02:00.089+0100] {logging_mixin.py:188} INFO - [2025-06-15T08:02:00.088+0100] {dagbag.py:545} INFO - Filling up the DagBag from /home/press/miniconda3/envs/acronis/lib/python3.9/site-packages/airflow/example_dags/example_branch_operator.py
[2025-06-15T08:02:00.106+0100] {processor.py:842} WARNING - No viable dags retrieved from /home/press/miniconda3/envs/acronis/lib/python3.9/site-packages/airflow/example_dags/example_branch_operator.py
[2025-06-15T08:02:00.112+0100] {processor.py:183} INFO - Processing /home/press/miniconda3/envs/acronis/lib/python3.9/site-packages/airflow/example_dags/example_branch_operator.py took 0.029 seconds
[2025-06-15T08:03:00.143+0100] {processor.py:161} INFO - Started process (PID=256748) to work on /home/press/miniconda3/envs/acronis/lib/python3.9/site-packages/airflow/example_dags/example_branch_operator.py
[2025-06-15T08:03:00.148+0100] {processor.py:830} INFO - Processing file /home/press/miniconda3/envs/acronis/lib/python3.9/site-packages/airflow/example_dags/example_branch_operator.py for tasks to queue
[2025-06-15T08:03:00.149+0100] {logging_mixin.py:188} INFO - [2025-06-15T08:03:00.148+0100] {dagbag.py:545} INFO - Filling up the DagBag from /home/press/miniconda3/envs/acronis/lib/python3.9/site-packages/airflow/example_dags/example_branch_operator.py
[2025-06-15T08:03:00.167+0100] {processor.py:842} WARNING - No viable dags retrieved from /home/press/miniconda3/envs/acronis/lib/python3.9/site-packages/airflow/example_dags/example_branch_operator.py
[2025-06-15T08:03:00.172+0100] {processor.py:183} INFO - Processing /home/press/miniconda3/envs/acronis/lib/python3.9/site-packages/airflow/example_dags/example_branch_operator.py took 0.033 seconds
[2025-06-15T08:04:01.329+0100] {processor.py:161} INFO - Started process (PID=257115) to work on /home/press/miniconda3/envs/acronis/lib/python3.9/site-packages/airflow/example_dags/example_branch_operator.py
[2025-06-15T08:04:01.330+0100] {processor.py:830} INFO - Processing file /home/press/miniconda3/envs/acronis/lib/python3.9/site-packages/airflow/example_dags/example_branch_operator.py for tasks to queue
[2025-06-15T08:04:01.331+0100] {logging_mixin.py:188} INFO - [2025-06-15T08:04:01.331+0100] {dagbag.py:545} INFO - Filling up the DagBag from /home/press/miniconda3/envs/acronis/lib/python3.9/site-packages/airflow/example_dags/example_branch_operator.py
[2025-06-15T08:04:01.351+0100] {processor.py:842} WARNING - No viable dags retrieved from /home/press/miniconda3/envs/acronis/lib/python3.9/site-packages/airflow/example_dags/example_branch_operator.py
[2025-06-15T08:04:01.357+0100] {processor.py:183} INFO - Processing /home/press/miniconda3/envs/acronis/lib/python3.9/site-packages/airflow/example_dags/example_branch_operator.py took 0.031 seconds
[2025-06-15T08:04:59.639+0100] {processor.py:161} INFO - Started process (PID=257512) to work on /home/press/miniconda3/envs/acronis/lib/python3.9/site-packages/airflow/example_dags/example_branch_operator.py
[2025-06-15T08:04:59.645+0100] {processor.py:830} INFO - Processing file /home/press/miniconda3/envs/acronis/lib/python3.9/site-packages/airflow/example_dags/example_branch_operator.py for tasks to queue
[2025-06-15T08:04:59.646+0100] {logging_mixin.py:188} INFO - [2025-06-15T08:04:59.645+0100] {dagbag.py:545} INFO - Filling up the DagBag from /home/press/miniconda3/envs/acronis/lib/python3.9/site-packages/airflow/example_dags/example_branch_operator.py
[2025-06-15T08:04:59.669+0100] {processor.py:842} WARNING - No viable dags retrieved from /home/press/miniconda3/envs/acronis/lib/python3.9/site-packages/airflow/example_dags/example_branch_operator.py
[2025-06-15T08:04:59.676+0100] {processor.py:183} INFO - Processing /home/press/miniconda3/envs/acronis/lib/python3.9/site-packages/airflow/example_dags/example_branch_operator.py took 0.040 seconds
[2025-06-15T08:05:54.039+0100] {processor.py:161} INFO - Started process (PID=257885) to work on /home/press/miniconda3/envs/acronis/lib/python3.9/site-packages/airflow/example_dags/example_branch_operator.py
[2025-06-15T08:05:54.045+0100] {processor.py:830} INFO - Processing file /home/press/miniconda3/envs/acronis/lib/python3.9/site-packages/airflow/example_dags/example_branch_operator.py for tasks to queue
[2025-06-15T08:05:54.046+0100] {logging_mixin.py:188} INFO - [2025-06-15T08:05:54.046+0100] {dagbag.py:545} INFO - Filling up the DagBag from /home/press/miniconda3/envs/acronis/lib/python3.9/site-packages/airflow/example_dags/example_branch_operator.py
[2025-06-15T08:05:54.074+0100] {processor.py:842} WARNING - No viable dags retrieved from /home/press/miniconda3/envs/acronis/lib/python3.9/site-packages/airflow/example_dags/example_branch_operator.py
[2025-06-15T08:05:54.080+0100] {processor.py:183} INFO - Processing /home/press/miniconda3/envs/acronis/lib/python3.9/site-packages/airflow/example_dags/example_branch_operator.py took 0.044 seconds
[2025-06-15T08:06:50.927+0100] {processor.py:161} INFO - Started process (PID=258218) to work on /home/press/miniconda3/envs/acronis/lib/python3.9/site-packages/airflow/example_dags/example_branch_operator.py
[2025-06-15T08:06:50.934+0100] {processor.py:830} INFO - Processing file /home/press/miniconda3/envs/acronis/lib/python3.9/site-packages/airflow/example_dags/example_branch_operator.py for tasks to queue
[2025-06-15T08:06:50.935+0100] {logging_mixin.py:188} INFO - [2025-06-15T08:06:50.934+0100] {dagbag.py:545} INFO - Filling up the DagBag from /home/press/miniconda3/envs/acronis/lib/python3.9/site-packages/airflow/example_dags/example_branch_operator.py
[2025-06-15T08:06:50.976+0100] {processor.py:842} WARNING - No viable dags retrieved from /home/press/miniconda3/envs/acronis/lib/python3.9/site-packages/airflow/example_dags/example_branch_operator.py
[2025-06-15T08:06:50.984+0100] {processor.py:183} INFO - Processing /home/press/miniconda3/envs/acronis/lib/python3.9/site-packages/airflow/example_dags/example_branch_operator.py took 0.060 seconds
[2025-06-15T08:07:46.396+0100] {processor.py:161} INFO - Started process (PID=258592) to work on /home/press/miniconda3/envs/acronis/lib/python3.9/site-packages/airflow/example_dags/example_branch_operator.py
[2025-06-15T08:07:46.397+0100] {processor.py:830} INFO - Processing file /home/press/miniconda3/envs/acronis/lib/python3.9/site-packages/airflow/example_dags/example_branch_operator.py for tasks to queue
[2025-06-15T08:07:46.398+0100] {logging_mixin.py:188} INFO - [2025-06-15T08:07:46.398+0100] {dagbag.py:545} INFO - Filling up the DagBag from /home/press/miniconda3/envs/acronis/lib/python3.9/site-packages/airflow/example_dags/example_branch_operator.py
[2025-06-15T08:07:46.417+0100] {processor.py:842} WARNING - No viable dags retrieved from /home/press/miniconda3/envs/acronis/lib/python3.9/site-packages/airflow/example_dags/example_branch_operator.py
[2025-06-15T08:07:46.423+0100] {processor.py:183} INFO - Processing /home/press/miniconda3/envs/acronis/lib/python3.9/site-packages/airflow/example_dags/example_branch_operator.py took 0.030 seconds
[2025-06-15T08:08:44.659+0100] {processor.py:161} INFO - Started process (PID=258926) to work on /home/press/miniconda3/envs/acronis/lib/python3.9/site-packages/airflow/example_dags/example_branch_operator.py
[2025-06-15T08:08:44.664+0100] {processor.py:830} INFO - Processing file /home/press/miniconda3/envs/acronis/lib/python3.9/site-packages/airflow/example_dags/example_branch_operator.py for tasks to queue
[2025-06-15T08:08:44.665+0100] {logging_mixin.py:188} INFO - [2025-06-15T08:08:44.665+0100] {dagbag.py:545} INFO - Filling up the DagBag from /home/press/miniconda3/envs/acronis/lib/python3.9/site-packages/airflow/example_dags/example_branch_operator.py
[2025-06-15T08:08:44.687+0100] {processor.py:842} WARNING - No viable dags retrieved from /home/press/miniconda3/envs/acronis/lib/python3.9/site-packages/airflow/example_dags/example_branch_operator.py
[2025-06-15T08:08:44.693+0100] {processor.py:183} INFO - Processing /home/press/miniconda3/envs/acronis/lib/python3.9/site-packages/airflow/example_dags/example_branch_operator.py took 0.038 seconds
[2025-06-15T08:09:39.081+0100] {processor.py:161} INFO - Started process (PID=259269) to work on /home/press/miniconda3/envs/acronis/lib/python3.9/site-packages/airflow/example_dags/example_branch_operator.py
[2025-06-15T08:09:39.082+0100] {processor.py:830} INFO - Processing file /home/press/miniconda3/envs/acronis/lib/python3.9/site-packages/airflow/example_dags/example_branch_operator.py for tasks to queue
[2025-06-15T08:09:39.083+0100] {logging_mixin.py:188} INFO - [2025-06-15T08:09:39.083+0100] {dagbag.py:545} INFO - Filling up the DagBag from /home/press/miniconda3/envs/acronis/lib/python3.9/site-packages/airflow/example_dags/example_branch_operator.py
[2025-06-15T08:09:39.103+0100] {processor.py:842} WARNING - No viable dags retrieved from /home/press/miniconda3/envs/acronis/lib/python3.9/site-packages/airflow/example_dags/example_branch_operator.py
[2025-06-15T08:09:39.109+0100] {processor.py:183} INFO - Processing /home/press/miniconda3/envs/acronis/lib/python3.9/site-packages/airflow/example_dags/example_branch_operator.py took 0.032 seconds
[2025-06-15T08:10:35.187+0100] {processor.py:161} INFO - Started process (PID=259704) to work on /home/press/miniconda3/envs/acronis/lib/python3.9/site-packages/airflow/example_dags/example_branch_operator.py
[2025-06-15T08:10:35.187+0100] {processor.py:830} INFO - Processing file /home/press/miniconda3/envs/acronis/lib/python3.9/site-packages/airflow/example_dags/example_branch_operator.py for tasks to queue
[2025-06-15T08:10:35.188+0100] {logging_mixin.py:188} INFO - [2025-06-15T08:10:35.188+0100] {dagbag.py:545} INFO - Filling up the DagBag from /home/press/miniconda3/envs/acronis/lib/python3.9/site-packages/airflow/example_dags/example_branch_operator.py
[2025-06-15T08:10:35.210+0100] {processor.py:842} WARNING - No viable dags retrieved from /home/press/miniconda3/envs/acronis/lib/python3.9/site-packages/airflow/example_dags/example_branch_operator.py
[2025-06-15T08:10:35.216+0100] {processor.py:183} INFO - Processing /home/press/miniconda3/envs/acronis/lib/python3.9/site-packages/airflow/example_dags/example_branch_operator.py took 0.032 seconds
[2025-06-15T10:15:10.384+0100] {processor.py:161} INFO - Started process (PID=299138) to work on /home/press/miniconda3/envs/acronis/lib/python3.9/site-packages/airflow/example_dags/example_branch_operator.py
[2025-06-15T10:15:10.384+0100] {processor.py:830} INFO - Processing file /home/press/miniconda3/envs/acronis/lib/python3.9/site-packages/airflow/example_dags/example_branch_operator.py for tasks to queue
[2025-06-15T10:15:10.385+0100] {logging_mixin.py:188} INFO - [2025-06-15T10:15:10.385+0100] {dagbag.py:545} INFO - Filling up the DagBag from /home/press/miniconda3/envs/acronis/lib/python3.9/site-packages/airflow/example_dags/example_branch_operator.py
[2025-06-15T10:15:10.404+0100] {processor.py:842} WARNING - No viable dags retrieved from /home/press/miniconda3/envs/acronis/lib/python3.9/site-packages/airflow/example_dags/example_branch_operator.py
[2025-06-15T10:15:10.409+0100] {processor.py:183} INFO - Processing /home/press/miniconda3/envs/acronis/lib/python3.9/site-packages/airflow/example_dags/example_branch_operator.py took 0.029 seconds
[2025-06-15T10:15:59.581+0100] {processor.py:161} INFO - Started process (PID=299366) to work on /home/press/miniconda3/envs/acronis/lib/python3.9/site-packages/airflow/example_dags/example_branch_operator.py
[2025-06-15T10:15:59.582+0100] {processor.py:830} INFO - Processing file /home/press/miniconda3/envs/acronis/lib/python3.9/site-packages/airflow/example_dags/example_branch_operator.py for tasks to queue
[2025-06-15T10:15:59.582+0100] {logging_mixin.py:188} INFO - [2025-06-15T10:15:59.582+0100] {dagbag.py:545} INFO - Filling up the DagBag from /home/press/miniconda3/envs/acronis/lib/python3.9/site-packages/airflow/example_dags/example_branch_operator.py
[2025-06-15T10:15:59.606+0100] {processor.py:842} WARNING - No viable dags retrieved from /home/press/miniconda3/envs/acronis/lib/python3.9/site-packages/airflow/example_dags/example_branch_operator.py
[2025-06-15T10:15:59.613+0100] {processor.py:183} INFO - Processing /home/press/miniconda3/envs/acronis/lib/python3.9/site-packages/airflow/example_dags/example_branch_operator.py took 0.037 seconds
[2025-06-15T10:16:54.227+0100] {processor.py:161} INFO - Started process (PID=299658) to work on /home/press/miniconda3/envs/acronis/lib/python3.9/site-packages/airflow/example_dags/example_branch_operator.py
[2025-06-15T10:16:54.228+0100] {processor.py:830} INFO - Processing file /home/press/miniconda3/envs/acronis/lib/python3.9/site-packages/airflow/example_dags/example_branch_operator.py for tasks to queue
[2025-06-15T10:16:54.229+0100] {logging_mixin.py:188} INFO - [2025-06-15T10:16:54.228+0100] {dagbag.py:545} INFO - Filling up the DagBag from /home/press/miniconda3/envs/acronis/lib/python3.9/site-packages/airflow/example_dags/example_branch_operator.py
[2025-06-15T10:16:54.254+0100] {processor.py:842} WARNING - No viable dags retrieved from /home/press/miniconda3/envs/acronis/lib/python3.9/site-packages/airflow/example_dags/example_branch_operator.py
[2025-06-15T10:16:54.260+0100] {processor.py:183} INFO - Processing /home/press/miniconda3/envs/acronis/lib/python3.9/site-packages/airflow/example_dags/example_branch_operator.py took 0.037 seconds
[2025-06-15T10:17:54.337+0100] {processor.py:161} INFO - Started process (PID=300058) to work on /home/press/miniconda3/envs/acronis/lib/python3.9/site-packages/airflow/example_dags/example_branch_operator.py
[2025-06-15T10:17:54.343+0100] {processor.py:830} INFO - Processing file /home/press/miniconda3/envs/acronis/lib/python3.9/site-packages/airflow/example_dags/example_branch_operator.py for tasks to queue
[2025-06-15T10:17:54.344+0100] {logging_mixin.py:188} INFO - [2025-06-15T10:17:54.344+0100] {dagbag.py:545} INFO - Filling up the DagBag from /home/press/miniconda3/envs/acronis/lib/python3.9/site-packages/airflow/example_dags/example_branch_operator.py
[2025-06-15T10:17:54.371+0100] {processor.py:842} WARNING - No viable dags retrieved from /home/press/miniconda3/envs/acronis/lib/python3.9/site-packages/airflow/example_dags/example_branch_operator.py
[2025-06-15T10:17:54.376+0100] {processor.py:183} INFO - Processing /home/press/miniconda3/envs/acronis/lib/python3.9/site-packages/airflow/example_dags/example_branch_operator.py took 0.042 seconds
[2025-06-15T10:18:47.579+0100] {processor.py:161} INFO - Started process (PID=300375) to work on /home/press/miniconda3/envs/acronis/lib/python3.9/site-packages/airflow/example_dags/example_branch_operator.py
[2025-06-15T10:18:47.589+0100] {processor.py:830} INFO - Processing file /home/press/miniconda3/envs/acronis/lib/python3.9/site-packages/airflow/example_dags/example_branch_operator.py for tasks to queue
[2025-06-15T10:18:47.591+0100] {logging_mixin.py:188} INFO - [2025-06-15T10:18:47.591+0100] {dagbag.py:545} INFO - Filling up the DagBag from /home/press/miniconda3/envs/acronis/lib/python3.9/site-packages/airflow/example_dags/example_branch_operator.py
[2025-06-15T10:18:47.627+0100] {processor.py:842} WARNING - No viable dags retrieved from /home/press/miniconda3/envs/acronis/lib/python3.9/site-packages/airflow/example_dags/example_branch_operator.py
[2025-06-15T10:18:47.633+0100] {processor.py:183} INFO - Processing /home/press/miniconda3/envs/acronis/lib/python3.9/site-packages/airflow/example_dags/example_branch_operator.py took 0.057 seconds
[2025-06-15T10:19:44.139+0100] {processor.py:161} INFO - Started process (PID=300783) to work on /home/press/miniconda3/envs/acronis/lib/python3.9/site-packages/airflow/example_dags/example_branch_operator.py
[2025-06-15T10:19:44.139+0100] {processor.py:830} INFO - Processing file /home/press/miniconda3/envs/acronis/lib/python3.9/site-packages/airflow/example_dags/example_branch_operator.py for tasks to queue
[2025-06-15T10:19:44.140+0100] {logging_mixin.py:188} INFO - [2025-06-15T10:19:44.140+0100] {dagbag.py:545} INFO - Filling up the DagBag from /home/press/miniconda3/envs/acronis/lib/python3.9/site-packages/airflow/example_dags/example_branch_operator.py
[2025-06-15T10:19:44.167+0100] {processor.py:842} WARNING - No viable dags retrieved from /home/press/miniconda3/envs/acronis/lib/python3.9/site-packages/airflow/example_dags/example_branch_operator.py
[2025-06-15T10:19:44.172+0100] {processor.py:183} INFO - Processing /home/press/miniconda3/envs/acronis/lib/python3.9/site-packages/airflow/example_dags/example_branch_operator.py took 0.037 seconds
[2025-06-15T10:20:39.509+0100] {processor.py:161} INFO - Started process (PID=301183) to work on /home/press/miniconda3/envs/acronis/lib/python3.9/site-packages/airflow/example_dags/example_branch_operator.py
[2025-06-15T10:20:39.510+0100] {processor.py:830} INFO - Processing file /home/press/miniconda3/envs/acronis/lib/python3.9/site-packages/airflow/example_dags/example_branch_operator.py for tasks to queue
[2025-06-15T10:20:39.511+0100] {logging_mixin.py:188} INFO - [2025-06-15T10:20:39.511+0100] {dagbag.py:545} INFO - Filling up the DagBag from /home/press/miniconda3/envs/acronis/lib/python3.9/site-packages/airflow/example_dags/example_branch_operator.py
[2025-06-15T10:20:39.545+0100] {processor.py:842} WARNING - No viable dags retrieved from /home/press/miniconda3/envs/acronis/lib/python3.9/site-packages/airflow/example_dags/example_branch_operator.py
[2025-06-15T10:20:39.551+0100] {processor.py:183} INFO - Processing /home/press/miniconda3/envs/acronis/lib/python3.9/site-packages/airflow/example_dags/example_branch_operator.py took 0.045 seconds
[2025-06-15T10:22:10.347+0100] {processor.py:161} INFO - Started process (PID=301683) to work on /home/press/miniconda3/envs/acronis/lib/python3.9/site-packages/airflow/example_dags/example_branch_operator.py
[2025-06-15T10:22:10.353+0100] {processor.py:830} INFO - Processing file /home/press/miniconda3/envs/acronis/lib/python3.9/site-packages/airflow/example_dags/example_branch_operator.py for tasks to queue
[2025-06-15T10:22:10.354+0100] {logging_mixin.py:188} INFO - [2025-06-15T10:22:10.354+0100] {dagbag.py:545} INFO - Filling up the DagBag from /home/press/miniconda3/envs/acronis/lib/python3.9/site-packages/airflow/example_dags/example_branch_operator.py
[2025-06-15T10:22:10.378+0100] {processor.py:842} WARNING - No viable dags retrieved from /home/press/miniconda3/envs/acronis/lib/python3.9/site-packages/airflow/example_dags/example_branch_operator.py
[2025-06-15T10:22:10.383+0100] {processor.py:183} INFO - Processing /home/press/miniconda3/envs/acronis/lib/python3.9/site-packages/airflow/example_dags/example_branch_operator.py took 0.039 seconds
[2025-06-15T10:22:58.616+0100] {processor.py:161} INFO - Started process (PID=301836) to work on /home/press/miniconda3/envs/acronis/lib/python3.9/site-packages/airflow/example_dags/example_branch_operator.py
[2025-06-15T10:22:58.617+0100] {processor.py:830} INFO - Processing file /home/press/miniconda3/envs/acronis/lib/python3.9/site-packages/airflow/example_dags/example_branch_operator.py for tasks to queue
[2025-06-15T10:22:58.618+0100] {logging_mixin.py:188} INFO - [2025-06-15T10:22:58.618+0100] {dagbag.py:545} INFO - Filling up the DagBag from /home/press/miniconda3/envs/acronis/lib/python3.9/site-packages/airflow/example_dags/example_branch_operator.py
[2025-06-15T10:22:58.702+0100] {processor.py:842} WARNING - No viable dags retrieved from /home/press/miniconda3/envs/acronis/lib/python3.9/site-packages/airflow/example_dags/example_branch_operator.py
[2025-06-15T10:22:58.707+0100] {processor.py:183} INFO - Processing /home/press/miniconda3/envs/acronis/lib/python3.9/site-packages/airflow/example_dags/example_branch_operator.py took 0.094 seconds
[2025-06-15T10:23:56.550+0100] {processor.py:161} INFO - Started process (PID=302086) to work on /home/press/miniconda3/envs/acronis/lib/python3.9/site-packages/airflow/example_dags/example_branch_operator.py
[2025-06-15T10:23:56.555+0100] {processor.py:830} INFO - Processing file /home/press/miniconda3/envs/acronis/lib/python3.9/site-packages/airflow/example_dags/example_branch_operator.py for tasks to queue
[2025-06-15T10:23:56.556+0100] {logging_mixin.py:188} INFO - [2025-06-15T10:23:56.556+0100] {dagbag.py:545} INFO - Filling up the DagBag from /home/press/miniconda3/envs/acronis/lib/python3.9/site-packages/airflow/example_dags/example_branch_operator.py
[2025-06-15T10:23:56.575+0100] {processor.py:842} WARNING - No viable dags retrieved from /home/press/miniconda3/envs/acronis/lib/python3.9/site-packages/airflow/example_dags/example_branch_operator.py
[2025-06-15T10:23:56.581+0100] {processor.py:183} INFO - Processing /home/press/miniconda3/envs/acronis/lib/python3.9/site-packages/airflow/example_dags/example_branch_operator.py took 0.034 seconds
[2025-06-15T10:24:51.947+0100] {processor.py:161} INFO - Started process (PID=302469) to work on /home/press/miniconda3/envs/acronis/lib/python3.9/site-packages/airflow/example_dags/example_branch_operator.py
[2025-06-15T10:24:51.953+0100] {processor.py:830} INFO - Processing file /home/press/miniconda3/envs/acronis/lib/python3.9/site-packages/airflow/example_dags/example_branch_operator.py for tasks to queue
[2025-06-15T10:24:51.954+0100] {logging_mixin.py:188} INFO - [2025-06-15T10:24:51.954+0100] {dagbag.py:545} INFO - Filling up the DagBag from /home/press/miniconda3/envs/acronis/lib/python3.9/site-packages/airflow/example_dags/example_branch_operator.py
[2025-06-15T10:24:51.996+0100] {processor.py:842} WARNING - No viable dags retrieved from /home/press/miniconda3/envs/acronis/lib/python3.9/site-packages/airflow/example_dags/example_branch_operator.py
[2025-06-15T10:24:52.003+0100] {processor.py:183} INFO - Processing /home/press/miniconda3/envs/acronis/lib/python3.9/site-packages/airflow/example_dags/example_branch_operator.py took 0.059 seconds
[2025-06-15T11:46:06.347+0100] {processor.py:161} INFO - Started process (PID=323856) to work on /home/press/miniconda3/envs/acronis/lib/python3.9/site-packages/airflow/example_dags/example_branch_operator.py
[2025-06-15T11:46:06.352+0100] {processor.py:830} INFO - Processing file /home/press/miniconda3/envs/acronis/lib/python3.9/site-packages/airflow/example_dags/example_branch_operator.py for tasks to queue
[2025-06-15T11:46:06.353+0100] {logging_mixin.py:188} INFO - [2025-06-15T11:46:06.353+0100] {dagbag.py:545} INFO - Filling up the DagBag from /home/press/miniconda3/envs/acronis/lib/python3.9/site-packages/airflow/example_dags/example_branch_operator.py
[2025-06-15T11:46:06.379+0100] {processor.py:842} WARNING - No viable dags retrieved from /home/press/miniconda3/envs/acronis/lib/python3.9/site-packages/airflow/example_dags/example_branch_operator.py
[2025-06-15T11:46:06.385+0100] {processor.py:183} INFO - Processing /home/press/miniconda3/envs/acronis/lib/python3.9/site-packages/airflow/example_dags/example_branch_operator.py took 0.041 seconds
[2025-06-15T11:46:56.114+0100] {processor.py:161} INFO - Started process (PID=324271) to work on /home/press/miniconda3/envs/acronis/lib/python3.9/site-packages/airflow/example_dags/example_branch_operator.py
[2025-06-15T11:46:56.119+0100] {processor.py:830} INFO - Processing file /home/press/miniconda3/envs/acronis/lib/python3.9/site-packages/airflow/example_dags/example_branch_operator.py for tasks to queue
[2025-06-15T11:46:56.120+0100] {logging_mixin.py:188} INFO - [2025-06-15T11:46:56.120+0100] {dagbag.py:545} INFO - Filling up the DagBag from /home/press/miniconda3/envs/acronis/lib/python3.9/site-packages/airflow/example_dags/example_branch_operator.py
[2025-06-15T11:46:56.151+0100] {processor.py:842} WARNING - No viable dags retrieved from /home/press/miniconda3/envs/acronis/lib/python3.9/site-packages/airflow/example_dags/example_branch_operator.py
[2025-06-15T11:46:56.156+0100] {processor.py:183} INFO - Processing /home/press/miniconda3/envs/acronis/lib/python3.9/site-packages/airflow/example_dags/example_branch_operator.py took 0.046 seconds
[2025-06-15T11:47:54.532+0100] {processor.py:161} INFO - Started process (PID=324652) to work on /home/press/miniconda3/envs/acronis/lib/python3.9/site-packages/airflow/example_dags/example_branch_operator.py
[2025-06-15T11:47:54.534+0100] {processor.py:830} INFO - Processing file /home/press/miniconda3/envs/acronis/lib/python3.9/site-packages/airflow/example_dags/example_branch_operator.py for tasks to queue
[2025-06-15T11:47:54.535+0100] {logging_mixin.py:188} INFO - [2025-06-15T11:47:54.534+0100] {dagbag.py:545} INFO - Filling up the DagBag from /home/press/miniconda3/envs/acronis/lib/python3.9/site-packages/airflow/example_dags/example_branch_operator.py
[2025-06-15T11:47:54.562+0100] {processor.py:842} WARNING - No viable dags retrieved from /home/press/miniconda3/envs/acronis/lib/python3.9/site-packages/airflow/example_dags/example_branch_operator.py
[2025-06-15T11:47:54.568+0100] {processor.py:183} INFO - Processing /home/press/miniconda3/envs/acronis/lib/python3.9/site-packages/airflow/example_dags/example_branch_operator.py took 0.039 seconds
[2025-06-15T11:48:54.208+0100] {processor.py:161} INFO - Started process (PID=325052) to work on /home/press/miniconda3/envs/acronis/lib/python3.9/site-packages/airflow/example_dags/example_branch_operator.py
[2025-06-15T11:48:54.209+0100] {processor.py:830} INFO - Processing file /home/press/miniconda3/envs/acronis/lib/python3.9/site-packages/airflow/example_dags/example_branch_operator.py for tasks to queue
[2025-06-15T11:48:54.210+0100] {logging_mixin.py:188} INFO - [2025-06-15T11:48:54.210+0100] {dagbag.py:545} INFO - Filling up the DagBag from /home/press/miniconda3/envs/acronis/lib/python3.9/site-packages/airflow/example_dags/example_branch_operator.py
[2025-06-15T11:48:54.227+0100] {processor.py:842} WARNING - No viable dags retrieved from /home/press/miniconda3/envs/acronis/lib/python3.9/site-packages/airflow/example_dags/example_branch_operator.py
[2025-06-15T11:48:54.233+0100] {processor.py:183} INFO - Processing /home/press/miniconda3/envs/acronis/lib/python3.9/site-packages/airflow/example_dags/example_branch_operator.py took 0.028 seconds
[2025-06-15T11:49:50.592+0100] {processor.py:161} INFO - Started process (PID=325538) to work on /home/press/miniconda3/envs/acronis/lib/python3.9/site-packages/airflow/example_dags/example_branch_operator.py
[2025-06-15T11:49:50.594+0100] {processor.py:830} INFO - Processing file /home/press/miniconda3/envs/acronis/lib/python3.9/site-packages/airflow/example_dags/example_branch_operator.py for tasks to queue
[2025-06-15T11:49:50.595+0100] {logging_mixin.py:188} INFO - [2025-06-15T11:49:50.595+0100] {dagbag.py:545} INFO - Filling up the DagBag from /home/press/miniconda3/envs/acronis/lib/python3.9/site-packages/airflow/example_dags/example_branch_operator.py
[2025-06-15T11:49:50.612+0100] {processor.py:842} WARNING - No viable dags retrieved from /home/press/miniconda3/envs/acronis/lib/python3.9/site-packages/airflow/example_dags/example_branch_operator.py
[2025-06-15T11:49:50.617+0100] {processor.py:183} INFO - Processing /home/press/miniconda3/envs/acronis/lib/python3.9/site-packages/airflow/example_dags/example_branch_operator.py took 0.028 seconds
[2025-06-15T18:13:42.428+0100] {processor.py:161} INFO - Started process (PID=475425) to work on /home/press/miniconda3/envs/acronis/lib/python3.9/site-packages/airflow/example_dags/example_branch_operator.py
[2025-06-15T18:13:42.433+0100] {processor.py:830} INFO - Processing file /home/press/miniconda3/envs/acronis/lib/python3.9/site-packages/airflow/example_dags/example_branch_operator.py for tasks to queue
[2025-06-15T18:13:42.434+0100] {logging_mixin.py:188} INFO - [2025-06-15T18:13:42.434+0100] {dagbag.py:545} INFO - Filling up the DagBag from /home/press/miniconda3/envs/acronis/lib/python3.9/site-packages/airflow/example_dags/example_branch_operator.py
[2025-06-15T18:13:42.466+0100] {processor.py:842} WARNING - No viable dags retrieved from /home/press/miniconda3/envs/acronis/lib/python3.9/site-packages/airflow/example_dags/example_branch_operator.py
[2025-06-15T18:13:42.472+0100] {processor.py:183} INFO - Processing /home/press/miniconda3/envs/acronis/lib/python3.9/site-packages/airflow/example_dags/example_branch_operator.py took 0.047 seconds
[2025-06-15T18:14:35.582+0100] {processor.py:161} INFO - Started process (PID=475801) to work on /home/press/miniconda3/envs/acronis/lib/python3.9/site-packages/airflow/example_dags/example_branch_operator.py
[2025-06-15T18:14:35.587+0100] {processor.py:830} INFO - Processing file /home/press/miniconda3/envs/acronis/lib/python3.9/site-packages/airflow/example_dags/example_branch_operator.py for tasks to queue
[2025-06-15T18:14:35.588+0100] {logging_mixin.py:188} INFO - [2025-06-15T18:14:35.588+0100] {dagbag.py:545} INFO - Filling up the DagBag from /home/press/miniconda3/envs/acronis/lib/python3.9/site-packages/airflow/example_dags/example_branch_operator.py
[2025-06-15T18:14:35.612+0100] {processor.py:842} WARNING - No viable dags retrieved from /home/press/miniconda3/envs/acronis/lib/python3.9/site-packages/airflow/example_dags/example_branch_operator.py
[2025-06-15T18:14:35.618+0100] {processor.py:183} INFO - Processing /home/press/miniconda3/envs/acronis/lib/python3.9/site-packages/airflow/example_dags/example_branch_operator.py took 0.039 seconds
[2025-06-15T18:24:55.705+0100] {processor.py:161} INFO - Started process (PID=481254) to work on /home/press/miniconda3/envs/acronis/lib/python3.9/site-packages/airflow/example_dags/example_branch_operator.py
[2025-06-15T18:24:55.706+0100] {processor.py:830} INFO - Processing file /home/press/miniconda3/envs/acronis/lib/python3.9/site-packages/airflow/example_dags/example_branch_operator.py for tasks to queue
[2025-06-15T18:24:55.707+0100] {logging_mixin.py:188} INFO - [2025-06-15T18:24:55.707+0100] {dagbag.py:545} INFO - Filling up the DagBag from /home/press/miniconda3/envs/acronis/lib/python3.9/site-packages/airflow/example_dags/example_branch_operator.py
[2025-06-15T18:24:55.759+0100] {processor.py:842} WARNING - No viable dags retrieved from /home/press/miniconda3/envs/acronis/lib/python3.9/site-packages/airflow/example_dags/example_branch_operator.py
[2025-06-15T18:24:55.765+0100] {processor.py:183} INFO - Processing /home/press/miniconda3/envs/acronis/lib/python3.9/site-packages/airflow/example_dags/example_branch_operator.py took 0.063 seconds
[2025-06-15T18:25:46.333+0100] {processor.py:161} INFO - Started process (PID=481598) to work on /home/press/miniconda3/envs/acronis/lib/python3.9/site-packages/airflow/example_dags/example_branch_operator.py
[2025-06-15T18:25:46.334+0100] {processor.py:830} INFO - Processing file /home/press/miniconda3/envs/acronis/lib/python3.9/site-packages/airflow/example_dags/example_branch_operator.py for tasks to queue
[2025-06-15T18:25:46.335+0100] {logging_mixin.py:188} INFO - [2025-06-15T18:25:46.334+0100] {dagbag.py:545} INFO - Filling up the DagBag from /home/press/miniconda3/envs/acronis/lib/python3.9/site-packages/airflow/example_dags/example_branch_operator.py
[2025-06-15T18:25:46.403+0100] {processor.py:842} WARNING - No viable dags retrieved from /home/press/miniconda3/envs/acronis/lib/python3.9/site-packages/airflow/example_dags/example_branch_operator.py
[2025-06-15T18:25:46.409+0100] {processor.py:183} INFO - Processing /home/press/miniconda3/envs/acronis/lib/python3.9/site-packages/airflow/example_dags/example_branch_operator.py took 0.079 seconds
[2025-06-15T18:27:47.300+0100] {processor.py:161} INFO - Started process (PID=482848) to work on /home/press/miniconda3/envs/acronis/lib/python3.9/site-packages/airflow/example_dags/example_branch_operator.py
[2025-06-15T18:27:47.301+0100] {processor.py:830} INFO - Processing file /home/press/miniconda3/envs/acronis/lib/python3.9/site-packages/airflow/example_dags/example_branch_operator.py for tasks to queue
[2025-06-15T18:27:47.302+0100] {logging_mixin.py:188} INFO - [2025-06-15T18:27:47.302+0100] {dagbag.py:545} INFO - Filling up the DagBag from /home/press/miniconda3/envs/acronis/lib/python3.9/site-packages/airflow/example_dags/example_branch_operator.py
[2025-06-15T18:27:47.330+0100] {processor.py:842} WARNING - No viable dags retrieved from /home/press/miniconda3/envs/acronis/lib/python3.9/site-packages/airflow/example_dags/example_branch_operator.py
[2025-06-15T18:27:47.336+0100] {processor.py:183} INFO - Processing /home/press/miniconda3/envs/acronis/lib/python3.9/site-packages/airflow/example_dags/example_branch_operator.py took 0.039 seconds
[2025-06-15T18:28:37.845+0100] {processor.py:161} INFO - Started process (PID=483327) to work on /home/press/miniconda3/envs/acronis/lib/python3.9/site-packages/airflow/example_dags/example_branch_operator.py
[2025-06-15T18:28:37.845+0100] {processor.py:830} INFO - Processing file /home/press/miniconda3/envs/acronis/lib/python3.9/site-packages/airflow/example_dags/example_branch_operator.py for tasks to queue
[2025-06-15T18:28:37.846+0100] {logging_mixin.py:188} INFO - [2025-06-15T18:28:37.846+0100] {dagbag.py:545} INFO - Filling up the DagBag from /home/press/miniconda3/envs/acronis/lib/python3.9/site-packages/airflow/example_dags/example_branch_operator.py
[2025-06-15T18:28:37.874+0100] {processor.py:842} WARNING - No viable dags retrieved from /home/press/miniconda3/envs/acronis/lib/python3.9/site-packages/airflow/example_dags/example_branch_operator.py
[2025-06-15T18:28:37.881+0100] {processor.py:183} INFO - Processing /home/press/miniconda3/envs/acronis/lib/python3.9/site-packages/airflow/example_dags/example_branch_operator.py took 0.039 seconds
[2025-06-15T18:29:32.263+0100] {processor.py:161} INFO - Started process (PID=483930) to work on /home/press/miniconda3/envs/acronis/lib/python3.9/site-packages/airflow/example_dags/example_branch_operator.py
[2025-06-15T18:29:32.270+0100] {processor.py:830} INFO - Processing file /home/press/miniconda3/envs/acronis/lib/python3.9/site-packages/airflow/example_dags/example_branch_operator.py for tasks to queue
[2025-06-15T18:29:32.271+0100] {logging_mixin.py:188} INFO - [2025-06-15T18:29:32.270+0100] {dagbag.py:545} INFO - Filling up the DagBag from /home/press/miniconda3/envs/acronis/lib/python3.9/site-packages/airflow/example_dags/example_branch_operator.py
[2025-06-15T18:29:32.315+0100] {processor.py:842} WARNING - No viable dags retrieved from /home/press/miniconda3/envs/acronis/lib/python3.9/site-packages/airflow/example_dags/example_branch_operator.py
[2025-06-15T18:29:32.321+0100] {processor.py:183} INFO - Processing /home/press/miniconda3/envs/acronis/lib/python3.9/site-packages/airflow/example_dags/example_branch_operator.py took 0.062 seconds
[2025-06-15T18:31:36.025+0100] {processor.py:161} INFO - Started process (PID=486091) to work on /home/press/miniconda3/envs/acronis/lib/python3.9/site-packages/airflow/example_dags/example_branch_operator.py
[2025-06-15T18:31:36.026+0100] {processor.py:830} INFO - Processing file /home/press/miniconda3/envs/acronis/lib/python3.9/site-packages/airflow/example_dags/example_branch_operator.py for tasks to queue
[2025-06-15T18:31:36.026+0100] {logging_mixin.py:188} INFO - [2025-06-15T18:31:36.026+0100] {dagbag.py:545} INFO - Filling up the DagBag from /home/press/miniconda3/envs/acronis/lib/python3.9/site-packages/airflow/example_dags/example_branch_operator.py
[2025-06-15T18:31:36.060+0100] {processor.py:842} WARNING - No viable dags retrieved from /home/press/miniconda3/envs/acronis/lib/python3.9/site-packages/airflow/example_dags/example_branch_operator.py
[2025-06-15T18:31:36.066+0100] {processor.py:183} INFO - Processing /home/press/miniconda3/envs/acronis/lib/python3.9/site-packages/airflow/example_dags/example_branch_operator.py took 0.045 seconds
[2025-06-15T18:32:26.047+0100] {processor.py:161} INFO - Started process (PID=486765) to work on /home/press/miniconda3/envs/acronis/lib/python3.9/site-packages/airflow/example_dags/example_branch_operator.py
[2025-06-15T18:32:26.053+0100] {processor.py:830} INFO - Processing file /home/press/miniconda3/envs/acronis/lib/python3.9/site-packages/airflow/example_dags/example_branch_operator.py for tasks to queue
[2025-06-15T18:32:26.054+0100] {logging_mixin.py:188} INFO - [2025-06-15T18:32:26.054+0100] {dagbag.py:545} INFO - Filling up the DagBag from /home/press/miniconda3/envs/acronis/lib/python3.9/site-packages/airflow/example_dags/example_branch_operator.py
[2025-06-15T18:32:26.088+0100] {processor.py:842} WARNING - No viable dags retrieved from /home/press/miniconda3/envs/acronis/lib/python3.9/site-packages/airflow/example_dags/example_branch_operator.py
[2025-06-15T18:32:26.094+0100] {processor.py:183} INFO - Processing /home/press/miniconda3/envs/acronis/lib/python3.9/site-packages/airflow/example_dags/example_branch_operator.py took 0.050 seconds
[2025-06-15T18:33:41.029+0100] {processor.py:161} INFO - Started process (PID=488487) to work on /home/press/miniconda3/envs/acronis/lib/python3.9/site-packages/airflow/example_dags/example_branch_operator.py
[2025-06-15T18:33:41.034+0100] {processor.py:830} INFO - Processing file /home/press/miniconda3/envs/acronis/lib/python3.9/site-packages/airflow/example_dags/example_branch_operator.py for tasks to queue
[2025-06-15T18:33:41.035+0100] {logging_mixin.py:188} INFO - [2025-06-15T18:33:41.035+0100] {dagbag.py:545} INFO - Filling up the DagBag from /home/press/miniconda3/envs/acronis/lib/python3.9/site-packages/airflow/example_dags/example_branch_operator.py
[2025-06-15T18:33:41.064+0100] {processor.py:842} WARNING - No viable dags retrieved from /home/press/miniconda3/envs/acronis/lib/python3.9/site-packages/airflow/example_dags/example_branch_operator.py
[2025-06-15T18:33:41.069+0100] {processor.py:183} INFO - Processing /home/press/miniconda3/envs/acronis/lib/python3.9/site-packages/airflow/example_dags/example_branch_operator.py took 0.043 seconds
[2025-06-15T18:34:31.483+0100] {processor.py:161} INFO - Started process (PID=488890) to work on /home/press/miniconda3/envs/acronis/lib/python3.9/site-packages/airflow/example_dags/example_branch_operator.py
[2025-06-15T18:34:31.484+0100] {processor.py:830} INFO - Processing file /home/press/miniconda3/envs/acronis/lib/python3.9/site-packages/airflow/example_dags/example_branch_operator.py for tasks to queue
[2025-06-15T18:34:31.485+0100] {logging_mixin.py:188} INFO - [2025-06-15T18:34:31.485+0100] {dagbag.py:545} INFO - Filling up the DagBag from /home/press/miniconda3/envs/acronis/lib/python3.9/site-packages/airflow/example_dags/example_branch_operator.py
[2025-06-15T18:34:31.512+0100] {processor.py:842} WARNING - No viable dags retrieved from /home/press/miniconda3/envs/acronis/lib/python3.9/site-packages/airflow/example_dags/example_branch_operator.py
[2025-06-15T18:34:31.518+0100] {processor.py:183} INFO - Processing /home/press/miniconda3/envs/acronis/lib/python3.9/site-packages/airflow/example_dags/example_branch_operator.py took 0.038 seconds
[2025-06-15T18:35:28.888+0100] {processor.py:161} INFO - Started process (PID=489430) to work on /home/press/miniconda3/envs/acronis/lib/python3.9/site-packages/airflow/example_dags/example_branch_operator.py
[2025-06-15T18:35:28.893+0100] {processor.py:830} INFO - Processing file /home/press/miniconda3/envs/acronis/lib/python3.9/site-packages/airflow/example_dags/example_branch_operator.py for tasks to queue
[2025-06-15T18:35:28.894+0100] {logging_mixin.py:188} INFO - [2025-06-15T18:35:28.894+0100] {dagbag.py:545} INFO - Filling up the DagBag from /home/press/miniconda3/envs/acronis/lib/python3.9/site-packages/airflow/example_dags/example_branch_operator.py
[2025-06-15T18:35:28.928+0100] {processor.py:842} WARNING - No viable dags retrieved from /home/press/miniconda3/envs/acronis/lib/python3.9/site-packages/airflow/example_dags/example_branch_operator.py
[2025-06-15T18:35:28.933+0100] {processor.py:183} INFO - Processing /home/press/miniconda3/envs/acronis/lib/python3.9/site-packages/airflow/example_dags/example_branch_operator.py took 0.049 seconds
[2025-06-15T18:36:28.523+0100] {processor.py:161} INFO - Started process (PID=490044) to work on /home/press/miniconda3/envs/acronis/lib/python3.9/site-packages/airflow/example_dags/example_branch_operator.py
[2025-06-15T18:36:28.524+0100] {processor.py:830} INFO - Processing file /home/press/miniconda3/envs/acronis/lib/python3.9/site-packages/airflow/example_dags/example_branch_operator.py for tasks to queue
[2025-06-15T18:36:28.525+0100] {logging_mixin.py:188} INFO - [2025-06-15T18:36:28.525+0100] {dagbag.py:545} INFO - Filling up the DagBag from /home/press/miniconda3/envs/acronis/lib/python3.9/site-packages/airflow/example_dags/example_branch_operator.py
[2025-06-15T18:36:28.569+0100] {processor.py:842} WARNING - No viable dags retrieved from /home/press/miniconda3/envs/acronis/lib/python3.9/site-packages/airflow/example_dags/example_branch_operator.py
[2025-06-15T18:36:28.576+0100] {processor.py:183} INFO - Processing /home/press/miniconda3/envs/acronis/lib/python3.9/site-packages/airflow/example_dags/example_branch_operator.py took 0.056 seconds
[2025-06-15T18:37:18.049+0100] {processor.py:161} INFO - Started process (PID=490531) to work on /home/press/miniconda3/envs/acronis/lib/python3.9/site-packages/airflow/example_dags/example_branch_operator.py
[2025-06-15T18:37:18.050+0100] {processor.py:830} INFO - Processing file /home/press/miniconda3/envs/acronis/lib/python3.9/site-packages/airflow/example_dags/example_branch_operator.py for tasks to queue
[2025-06-15T18:37:18.051+0100] {logging_mixin.py:188} INFO - [2025-06-15T18:37:18.051+0100] {dagbag.py:545} INFO - Filling up the DagBag from /home/press/miniconda3/envs/acronis/lib/python3.9/site-packages/airflow/example_dags/example_branch_operator.py
[2025-06-15T18:37:18.075+0100] {processor.py:842} WARNING - No viable dags retrieved from /home/press/miniconda3/envs/acronis/lib/python3.9/site-packages/airflow/example_dags/example_branch_operator.py
[2025-06-15T18:37:18.080+0100] {processor.py:183} INFO - Processing /home/press/miniconda3/envs/acronis/lib/python3.9/site-packages/airflow/example_dags/example_branch_operator.py took 0.035 seconds
[2025-06-15T18:38:18.553+0100] {processor.py:161} INFO - Started process (PID=491083) to work on /home/press/miniconda3/envs/acronis/lib/python3.9/site-packages/airflow/example_dags/example_branch_operator.py
[2025-06-15T18:38:18.559+0100] {processor.py:830} INFO - Processing file /home/press/miniconda3/envs/acronis/lib/python3.9/site-packages/airflow/example_dags/example_branch_operator.py for tasks to queue
[2025-06-15T18:38:18.560+0100] {logging_mixin.py:188} INFO - [2025-06-15T18:38:18.560+0100] {dagbag.py:545} INFO - Filling up the DagBag from /home/press/miniconda3/envs/acronis/lib/python3.9/site-packages/airflow/example_dags/example_branch_operator.py
[2025-06-15T18:38:18.608+0100] {processor.py:842} WARNING - No viable dags retrieved from /home/press/miniconda3/envs/acronis/lib/python3.9/site-packages/airflow/example_dags/example_branch_operator.py
[2025-06-15T18:38:18.613+0100] {processor.py:183} INFO - Processing /home/press/miniconda3/envs/acronis/lib/python3.9/site-packages/airflow/example_dags/example_branch_operator.py took 0.063 seconds
[2025-06-15T18:39:19.049+0100] {processor.py:161} INFO - Started process (PID=491565) to work on /home/press/miniconda3/envs/acronis/lib/python3.9/site-packages/airflow/example_dags/example_branch_operator.py
[2025-06-15T18:39:19.054+0100] {processor.py:830} INFO - Processing file /home/press/miniconda3/envs/acronis/lib/python3.9/site-packages/airflow/example_dags/example_branch_operator.py for tasks to queue
[2025-06-15T18:39:19.055+0100] {logging_mixin.py:188} INFO - [2025-06-15T18:39:19.055+0100] {dagbag.py:545} INFO - Filling up the DagBag from /home/press/miniconda3/envs/acronis/lib/python3.9/site-packages/airflow/example_dags/example_branch_operator.py
[2025-06-15T18:39:19.097+0100] {processor.py:842} WARNING - No viable dags retrieved from /home/press/miniconda3/envs/acronis/lib/python3.9/site-packages/airflow/example_dags/example_branch_operator.py
[2025-06-15T18:39:19.103+0100] {processor.py:183} INFO - Processing /home/press/miniconda3/envs/acronis/lib/python3.9/site-packages/airflow/example_dags/example_branch_operator.py took 0.057 seconds
[2025-06-15T18:40:20.632+0100] {processor.py:161} INFO - Started process (PID=492152) to work on /home/press/miniconda3/envs/acronis/lib/python3.9/site-packages/airflow/example_dags/example_branch_operator.py
[2025-06-15T18:40:20.637+0100] {processor.py:830} INFO - Processing file /home/press/miniconda3/envs/acronis/lib/python3.9/site-packages/airflow/example_dags/example_branch_operator.py for tasks to queue
[2025-06-15T18:40:20.638+0100] {logging_mixin.py:188} INFO - [2025-06-15T18:40:20.638+0100] {dagbag.py:545} INFO - Filling up the DagBag from /home/press/miniconda3/envs/acronis/lib/python3.9/site-packages/airflow/example_dags/example_branch_operator.py
[2025-06-15T18:40:20.686+0100] {processor.py:842} WARNING - No viable dags retrieved from /home/press/miniconda3/envs/acronis/lib/python3.9/site-packages/airflow/example_dags/example_branch_operator.py
[2025-06-15T18:40:20.692+0100] {processor.py:183} INFO - Processing /home/press/miniconda3/envs/acronis/lib/python3.9/site-packages/airflow/example_dags/example_branch_operator.py took 0.063 seconds
[2025-06-15T18:41:21.342+0100] {processor.py:161} INFO - Started process (PID=492773) to work on /home/press/miniconda3/envs/acronis/lib/python3.9/site-packages/airflow/example_dags/example_branch_operator.py
[2025-06-15T18:41:21.348+0100] {processor.py:830} INFO - Processing file /home/press/miniconda3/envs/acronis/lib/python3.9/site-packages/airflow/example_dags/example_branch_operator.py for tasks to queue
[2025-06-15T18:41:21.349+0100] {logging_mixin.py:188} INFO - [2025-06-15T18:41:21.348+0100] {dagbag.py:545} INFO - Filling up the DagBag from /home/press/miniconda3/envs/acronis/lib/python3.9/site-packages/airflow/example_dags/example_branch_operator.py
[2025-06-15T18:41:21.382+0100] {processor.py:842} WARNING - No viable dags retrieved from /home/press/miniconda3/envs/acronis/lib/python3.9/site-packages/airflow/example_dags/example_branch_operator.py
[2025-06-15T18:41:21.387+0100] {processor.py:183} INFO - Processing /home/press/miniconda3/envs/acronis/lib/python3.9/site-packages/airflow/example_dags/example_branch_operator.py took 0.048 seconds
[2025-06-15T18:42:24.002+0100] {processor.py:161} INFO - Started process (PID=493289) to work on /home/press/miniconda3/envs/acronis/lib/python3.9/site-packages/airflow/example_dags/example_branch_operator.py
[2025-06-15T18:42:24.007+0100] {processor.py:830} INFO - Processing file /home/press/miniconda3/envs/acronis/lib/python3.9/site-packages/airflow/example_dags/example_branch_operator.py for tasks to queue
[2025-06-15T18:42:24.008+0100] {logging_mixin.py:188} INFO - [2025-06-15T18:42:24.008+0100] {dagbag.py:545} INFO - Filling up the DagBag from /home/press/miniconda3/envs/acronis/lib/python3.9/site-packages/airflow/example_dags/example_branch_operator.py
[2025-06-15T18:42:24.031+0100] {processor.py:842} WARNING - No viable dags retrieved from /home/press/miniconda3/envs/acronis/lib/python3.9/site-packages/airflow/example_dags/example_branch_operator.py
[2025-06-15T18:42:24.037+0100] {processor.py:183} INFO - Processing /home/press/miniconda3/envs/acronis/lib/python3.9/site-packages/airflow/example_dags/example_branch_operator.py took 0.038 seconds
[2025-06-15T18:43:25.783+0100] {processor.py:161} INFO - Started process (PID=493677) to work on /home/press/miniconda3/envs/acronis/lib/python3.9/site-packages/airflow/example_dags/example_branch_operator.py
[2025-06-15T18:43:25.788+0100] {processor.py:830} INFO - Processing file /home/press/miniconda3/envs/acronis/lib/python3.9/site-packages/airflow/example_dags/example_branch_operator.py for tasks to queue
[2025-06-15T18:43:25.789+0100] {logging_mixin.py:188} INFO - [2025-06-15T18:43:25.789+0100] {dagbag.py:545} INFO - Filling up the DagBag from /home/press/miniconda3/envs/acronis/lib/python3.9/site-packages/airflow/example_dags/example_branch_operator.py
[2025-06-15T18:43:25.854+0100] {processor.py:842} WARNING - No viable dags retrieved from /home/press/miniconda3/envs/acronis/lib/python3.9/site-packages/airflow/example_dags/example_branch_operator.py
[2025-06-15T18:43:25.860+0100] {processor.py:183} INFO - Processing /home/press/miniconda3/envs/acronis/lib/python3.9/site-packages/airflow/example_dags/example_branch_operator.py took 0.080 seconds
[2025-06-15T18:44:24.164+0100] {processor.py:161} INFO - Started process (PID=494058) to work on /home/press/miniconda3/envs/acronis/lib/python3.9/site-packages/airflow/example_dags/example_branch_operator.py
[2025-06-15T18:44:24.164+0100] {processor.py:830} INFO - Processing file /home/press/miniconda3/envs/acronis/lib/python3.9/site-packages/airflow/example_dags/example_branch_operator.py for tasks to queue
[2025-06-15T18:44:24.165+0100] {logging_mixin.py:188} INFO - [2025-06-15T18:44:24.165+0100] {dagbag.py:545} INFO - Filling up the DagBag from /home/press/miniconda3/envs/acronis/lib/python3.9/site-packages/airflow/example_dags/example_branch_operator.py
[2025-06-15T18:44:24.228+0100] {processor.py:842} WARNING - No viable dags retrieved from /home/press/miniconda3/envs/acronis/lib/python3.9/site-packages/airflow/example_dags/example_branch_operator.py
[2025-06-15T18:44:24.234+0100] {processor.py:183} INFO - Processing /home/press/miniconda3/envs/acronis/lib/python3.9/site-packages/airflow/example_dags/example_branch_operator.py took 0.074 seconds
[2025-06-15T18:45:24.838+0100] {processor.py:161} INFO - Started process (PID=494399) to work on /home/press/miniconda3/envs/acronis/lib/python3.9/site-packages/airflow/example_dags/example_branch_operator.py
[2025-06-15T18:45:24.838+0100] {processor.py:830} INFO - Processing file /home/press/miniconda3/envs/acronis/lib/python3.9/site-packages/airflow/example_dags/example_branch_operator.py for tasks to queue
[2025-06-15T18:45:24.839+0100] {logging_mixin.py:188} INFO - [2025-06-15T18:45:24.839+0100] {dagbag.py:545} INFO - Filling up the DagBag from /home/press/miniconda3/envs/acronis/lib/python3.9/site-packages/airflow/example_dags/example_branch_operator.py
[2025-06-15T18:45:24.887+0100] {processor.py:842} WARNING - No viable dags retrieved from /home/press/miniconda3/envs/acronis/lib/python3.9/site-packages/airflow/example_dags/example_branch_operator.py
[2025-06-15T18:45:24.893+0100] {processor.py:183} INFO - Processing /home/press/miniconda3/envs/acronis/lib/python3.9/site-packages/airflow/example_dags/example_branch_operator.py took 0.060 seconds
[2025-06-15T18:46:28.884+0100] {processor.py:161} INFO - Started process (PID=494814) to work on /home/press/miniconda3/envs/acronis/lib/python3.9/site-packages/airflow/example_dags/example_branch_operator.py
[2025-06-15T18:46:28.885+0100] {processor.py:830} INFO - Processing file /home/press/miniconda3/envs/acronis/lib/python3.9/site-packages/airflow/example_dags/example_branch_operator.py for tasks to queue
[2025-06-15T18:46:28.886+0100] {logging_mixin.py:188} INFO - [2025-06-15T18:46:28.886+0100] {dagbag.py:545} INFO - Filling up the DagBag from /home/press/miniconda3/envs/acronis/lib/python3.9/site-packages/airflow/example_dags/example_branch_operator.py
[2025-06-15T18:46:28.978+0100] {processor.py:842} WARNING - No viable dags retrieved from /home/press/miniconda3/envs/acronis/lib/python3.9/site-packages/airflow/example_dags/example_branch_operator.py
[2025-06-15T18:46:28.984+0100] {processor.py:183} INFO - Processing /home/press/miniconda3/envs/acronis/lib/python3.9/site-packages/airflow/example_dags/example_branch_operator.py took 0.103 seconds
[2025-06-15T18:47:28.496+0100] {processor.py:161} INFO - Started process (PID=495171) to work on /home/press/miniconda3/envs/acronis/lib/python3.9/site-packages/airflow/example_dags/example_branch_operator.py
[2025-06-15T18:47:28.496+0100] {processor.py:830} INFO - Processing file /home/press/miniconda3/envs/acronis/lib/python3.9/site-packages/airflow/example_dags/example_branch_operator.py for tasks to queue
[2025-06-15T18:47:28.497+0100] {logging_mixin.py:188} INFO - [2025-06-15T18:47:28.497+0100] {dagbag.py:545} INFO - Filling up the DagBag from /home/press/miniconda3/envs/acronis/lib/python3.9/site-packages/airflow/example_dags/example_branch_operator.py
[2025-06-15T18:47:28.613+0100] {processor.py:842} WARNING - No viable dags retrieved from /home/press/miniconda3/envs/acronis/lib/python3.9/site-packages/airflow/example_dags/example_branch_operator.py
[2025-06-15T18:47:28.619+0100] {processor.py:183} INFO - Processing /home/press/miniconda3/envs/acronis/lib/python3.9/site-packages/airflow/example_dags/example_branch_operator.py took 0.127 seconds
[2025-06-15T18:48:29.254+0100] {processor.py:161} INFO - Started process (PID=495600) to work on /home/press/miniconda3/envs/acronis/lib/python3.9/site-packages/airflow/example_dags/example_branch_operator.py
[2025-06-15T18:48:29.260+0100] {processor.py:830} INFO - Processing file /home/press/miniconda3/envs/acronis/lib/python3.9/site-packages/airflow/example_dags/example_branch_operator.py for tasks to queue
[2025-06-15T18:48:29.261+0100] {logging_mixin.py:188} INFO - [2025-06-15T18:48:29.261+0100] {dagbag.py:545} INFO - Filling up the DagBag from /home/press/miniconda3/envs/acronis/lib/python3.9/site-packages/airflow/example_dags/example_branch_operator.py
[2025-06-15T18:48:29.309+0100] {processor.py:842} WARNING - No viable dags retrieved from /home/press/miniconda3/envs/acronis/lib/python3.9/site-packages/airflow/example_dags/example_branch_operator.py
[2025-06-15T18:48:29.315+0100] {processor.py:183} INFO - Processing /home/press/miniconda3/envs/acronis/lib/python3.9/site-packages/airflow/example_dags/example_branch_operator.py took 0.064 seconds
[2025-06-15T18:53:44.390+0100] {processor.py:161} INFO - Started process (PID=497256) to work on /home/press/miniconda3/envs/acronis/lib/python3.9/site-packages/airflow/example_dags/example_branch_operator.py
[2025-06-15T18:53:44.391+0100] {processor.py:830} INFO - Processing file /home/press/miniconda3/envs/acronis/lib/python3.9/site-packages/airflow/example_dags/example_branch_operator.py for tasks to queue
[2025-06-15T18:53:44.392+0100] {logging_mixin.py:188} INFO - [2025-06-15T18:53:44.391+0100] {dagbag.py:545} INFO - Filling up the DagBag from /home/press/miniconda3/envs/acronis/lib/python3.9/site-packages/airflow/example_dags/example_branch_operator.py
[2025-06-15T18:53:44.417+0100] {processor.py:842} WARNING - No viable dags retrieved from /home/press/miniconda3/envs/acronis/lib/python3.9/site-packages/airflow/example_dags/example_branch_operator.py
[2025-06-15T18:53:44.423+0100] {processor.py:183} INFO - Processing /home/press/miniconda3/envs/acronis/lib/python3.9/site-packages/airflow/example_dags/example_branch_operator.py took 0.036 seconds
[2025-06-15T18:54:35.021+0100] {processor.py:161} INFO - Started process (PID=498036) to work on /home/press/miniconda3/envs/acronis/lib/python3.9/site-packages/airflow/example_dags/example_branch_operator.py
[2025-06-15T18:54:35.022+0100] {processor.py:830} INFO - Processing file /home/press/miniconda3/envs/acronis/lib/python3.9/site-packages/airflow/example_dags/example_branch_operator.py for tasks to queue
[2025-06-15T18:54:35.023+0100] {logging_mixin.py:188} INFO - [2025-06-15T18:54:35.023+0100] {dagbag.py:545} INFO - Filling up the DagBag from /home/press/miniconda3/envs/acronis/lib/python3.9/site-packages/airflow/example_dags/example_branch_operator.py
[2025-06-15T18:54:35.109+0100] {processor.py:842} WARNING - No viable dags retrieved from /home/press/miniconda3/envs/acronis/lib/python3.9/site-packages/airflow/example_dags/example_branch_operator.py
[2025-06-15T18:54:35.114+0100] {processor.py:183} INFO - Processing /home/press/miniconda3/envs/acronis/lib/python3.9/site-packages/airflow/example_dags/example_branch_operator.py took 0.097 seconds
[2025-06-15T18:55:35.330+0100] {processor.py:161} INFO - Started process (PID=498804) to work on /home/press/miniconda3/envs/acronis/lib/python3.9/site-packages/airflow/example_dags/example_branch_operator.py
[2025-06-15T18:55:35.331+0100] {processor.py:830} INFO - Processing file /home/press/miniconda3/envs/acronis/lib/python3.9/site-packages/airflow/example_dags/example_branch_operator.py for tasks to queue
[2025-06-15T18:55:35.332+0100] {logging_mixin.py:188} INFO - [2025-06-15T18:55:35.331+0100] {dagbag.py:545} INFO - Filling up the DagBag from /home/press/miniconda3/envs/acronis/lib/python3.9/site-packages/airflow/example_dags/example_branch_operator.py
[2025-06-15T18:55:35.355+0100] {processor.py:842} WARNING - No viable dags retrieved from /home/press/miniconda3/envs/acronis/lib/python3.9/site-packages/airflow/example_dags/example_branch_operator.py
[2025-06-15T18:55:35.361+0100] {processor.py:183} INFO - Processing /home/press/miniconda3/envs/acronis/lib/python3.9/site-packages/airflow/example_dags/example_branch_operator.py took 0.034 seconds
[2025-06-15T18:56:25.777+0100] {processor.py:161} INFO - Started process (PID=499589) to work on /home/press/miniconda3/envs/acronis/lib/python3.9/site-packages/airflow/example_dags/example_branch_operator.py
[2025-06-15T18:56:25.778+0100] {processor.py:830} INFO - Processing file /home/press/miniconda3/envs/acronis/lib/python3.9/site-packages/airflow/example_dags/example_branch_operator.py for tasks to queue
[2025-06-15T18:56:25.779+0100] {logging_mixin.py:188} INFO - [2025-06-15T18:56:25.779+0100] {dagbag.py:545} INFO - Filling up the DagBag from /home/press/miniconda3/envs/acronis/lib/python3.9/site-packages/airflow/example_dags/example_branch_operator.py
[2025-06-15T18:56:25.803+0100] {processor.py:842} WARNING - No viable dags retrieved from /home/press/miniconda3/envs/acronis/lib/python3.9/site-packages/airflow/example_dags/example_branch_operator.py
[2025-06-15T18:56:25.809+0100] {processor.py:183} INFO - Processing /home/press/miniconda3/envs/acronis/lib/python3.9/site-packages/airflow/example_dags/example_branch_operator.py took 0.035 seconds
[2025-06-15T18:57:26.205+0100] {processor.py:161} INFO - Started process (PID=500393) to work on /home/press/miniconda3/envs/acronis/lib/python3.9/site-packages/airflow/example_dags/example_branch_operator.py
[2025-06-15T18:57:26.206+0100] {processor.py:830} INFO - Processing file /home/press/miniconda3/envs/acronis/lib/python3.9/site-packages/airflow/example_dags/example_branch_operator.py for tasks to queue
[2025-06-15T18:57:26.207+0100] {logging_mixin.py:188} INFO - [2025-06-15T18:57:26.206+0100] {dagbag.py:545} INFO - Filling up the DagBag from /home/press/miniconda3/envs/acronis/lib/python3.9/site-packages/airflow/example_dags/example_branch_operator.py
[2025-06-15T18:57:26.247+0100] {processor.py:842} WARNING - No viable dags retrieved from /home/press/miniconda3/envs/acronis/lib/python3.9/site-packages/airflow/example_dags/example_branch_operator.py
[2025-06-15T18:57:26.252+0100] {processor.py:183} INFO - Processing /home/press/miniconda3/envs/acronis/lib/python3.9/site-packages/airflow/example_dags/example_branch_operator.py took 0.051 seconds
[2025-06-15T20:15:12.677+0100] {processor.py:161} INFO - Started process (PID=538717) to work on /home/press/miniconda3/envs/acronis/lib/python3.9/site-packages/airflow/example_dags/example_branch_operator.py
[2025-06-15T20:15:12.678+0100] {processor.py:830} INFO - Processing file /home/press/miniconda3/envs/acronis/lib/python3.9/site-packages/airflow/example_dags/example_branch_operator.py for tasks to queue
[2025-06-15T20:15:12.679+0100] {logging_mixin.py:188} INFO - [2025-06-15T20:15:12.679+0100] {dagbag.py:545} INFO - Filling up the DagBag from /home/press/miniconda3/envs/acronis/lib/python3.9/site-packages/airflow/example_dags/example_branch_operator.py
[2025-06-15T20:15:12.707+0100] {processor.py:842} WARNING - No viable dags retrieved from /home/press/miniconda3/envs/acronis/lib/python3.9/site-packages/airflow/example_dags/example_branch_operator.py
[2025-06-15T20:15:12.713+0100] {processor.py:183} INFO - Processing /home/press/miniconda3/envs/acronis/lib/python3.9/site-packages/airflow/example_dags/example_branch_operator.py took 0.039 seconds
[2025-06-15T20:25:18.944+0100] {processor.py:161} INFO - Started process (PID=546754) to work on /home/press/miniconda3/envs/acronis/lib/python3.9/site-packages/airflow/example_dags/example_branch_operator.py
[2025-06-15T20:25:18.950+0100] {processor.py:830} INFO - Processing file /home/press/miniconda3/envs/acronis/lib/python3.9/site-packages/airflow/example_dags/example_branch_operator.py for tasks to queue
[2025-06-15T20:25:18.951+0100] {logging_mixin.py:188} INFO - [2025-06-15T20:25:18.951+0100] {dagbag.py:545} INFO - Filling up the DagBag from /home/press/miniconda3/envs/acronis/lib/python3.9/site-packages/airflow/example_dags/example_branch_operator.py
[2025-06-15T20:25:18.982+0100] {processor.py:842} WARNING - No viable dags retrieved from /home/press/miniconda3/envs/acronis/lib/python3.9/site-packages/airflow/example_dags/example_branch_operator.py
[2025-06-15T20:25:18.988+0100] {processor.py:183} INFO - Processing /home/press/miniconda3/envs/acronis/lib/python3.9/site-packages/airflow/example_dags/example_branch_operator.py took 0.047 seconds
[2025-06-15T20:32:44.683+0100] {processor.py:161} INFO - Started process (PID=553011) to work on /home/press/miniconda3/envs/acronis/lib/python3.9/site-packages/airflow/example_dags/example_branch_operator.py
[2025-06-15T20:32:44.689+0100] {processor.py:830} INFO - Processing file /home/press/miniconda3/envs/acronis/lib/python3.9/site-packages/airflow/example_dags/example_branch_operator.py for tasks to queue
[2025-06-15T20:32:44.690+0100] {logging_mixin.py:188} INFO - [2025-06-15T20:32:44.690+0100] {dagbag.py:545} INFO - Filling up the DagBag from /home/press/miniconda3/envs/acronis/lib/python3.9/site-packages/airflow/example_dags/example_branch_operator.py
[2025-06-15T20:32:44.711+0100] {processor.py:842} WARNING - No viable dags retrieved from /home/press/miniconda3/envs/acronis/lib/python3.9/site-packages/airflow/example_dags/example_branch_operator.py
[2025-06-15T20:32:44.717+0100] {processor.py:183} INFO - Processing /home/press/miniconda3/envs/acronis/lib/python3.9/site-packages/airflow/example_dags/example_branch_operator.py took 0.037 seconds
[2025-06-15T21:01:01.041+0100] {processor.py:161} INFO - Started process (PID=565533) to work on /home/press/miniconda3/envs/acronis/lib/python3.9/site-packages/airflow/example_dags/example_branch_operator.py
[2025-06-15T21:01:01.042+0100] {processor.py:830} INFO - Processing file /home/press/miniconda3/envs/acronis/lib/python3.9/site-packages/airflow/example_dags/example_branch_operator.py for tasks to queue
[2025-06-15T21:01:01.043+0100] {logging_mixin.py:188} INFO - [2025-06-15T21:01:01.043+0100] {dagbag.py:545} INFO - Filling up the DagBag from /home/press/miniconda3/envs/acronis/lib/python3.9/site-packages/airflow/example_dags/example_branch_operator.py
[2025-06-15T21:01:01.075+0100] {processor.py:842} WARNING - No viable dags retrieved from /home/press/miniconda3/envs/acronis/lib/python3.9/site-packages/airflow/example_dags/example_branch_operator.py
[2025-06-15T21:01:01.081+0100] {processor.py:183} INFO - Processing /home/press/miniconda3/envs/acronis/lib/python3.9/site-packages/airflow/example_dags/example_branch_operator.py took 0.043 seconds
