[2025-06-14T20:04:44.213+0100] {local_task_job_runner.py:120} INFO - ::group::Pre task execution logs
[2025-06-14T20:04:44.223+0100] {taskinstance.py:2076} INFO - Dependencies all met for dep_context=non-requeueable deps ti=<TaskInstance: example_model_selection_dag.label_as_best_small_dataset manual__2025-06-14T19:04:38.839087+00:00 [queued]>
[2025-06-14T20:04:44.226+0100] {taskinstance.py:2076} INFO - Dependencies all met for dep_context=requeueable deps ti=<TaskInstance: example_model_selection_dag.label_as_best_small_dataset manual__2025-06-14T19:04:38.839087+00:00 [queued]>
[2025-06-14T20:04:44.226+0100] {taskinstance.py:2306} INFO - Starting attempt 1 of 1
[2025-06-14T20:04:44.233+0100] {taskinstance.py:2330} INFO - Executing <Task(BashOperator): label_as_best_small_dataset> on 2025-06-14 19:04:38.839087+00:00
[2025-06-14T20:04:44.234+0100] {standard_task_runner.py:64} INFO - Started process 79756 to run task
[2025-06-14T20:04:44.236+0100] {standard_task_runner.py:90} INFO - Running: ['airflow', 'tasks', 'run', 'example_model_selection_dag', 'label_as_best_small_dataset', 'manual__2025-06-14T19:04:38.839087+00:00', '--job-id', '14', '--raw', '--subdir', 'DAGS_FOLDER/airflow_dag.py', '--cfg-path', '/tmp/tmpxc3k5wgr']
[2025-06-14T20:04:44.236+0100] {standard_task_runner.py:91} INFO - Job 14: Subtask label_as_best_small_dataset
[2025-06-14T20:04:44.254+0100] {task_command.py:426} INFO - Running <TaskInstance: example_model_selection_dag.label_as_best_small_dataset manual__2025-06-14T19:04:38.839087+00:00 [running]> on host neonm.
[2025-06-14T20:04:44.283+0100] {taskinstance.py:2648} INFO - Exporting env vars: AIRFLOW_CTX_DAG_OWNER='airflow' AIRFLOW_CTX_DAG_ID='example_model_selection_dag' AIRFLOW_CTX_TASK_ID='label_as_best_small_dataset' AIRFLOW_CTX_EXECUTION_DATE='2025-06-14T19:04:38.839087+00:00' AIRFLOW_CTX_TRY_NUMBER='1' AIRFLOW_CTX_DAG_RUN_ID='manual__2025-06-14T19:04:38.839087+00:00'
[2025-06-14T20:04:44.283+0100] {taskinstance.py:430} INFO - ::endgroup::
[2025-06-14T20:04:44.284+0100] {subprocess.py:63} INFO - Tmp dir root location: /tmp
[2025-06-14T20:04:44.284+0100] {subprocess.py:75} INFO - Running command: ['/usr/bin/bash', '-c', "echo '*** The model trained on the SMALL dataset was chosen as best! ***'"]
[2025-06-14T20:04:44.287+0100] {subprocess.py:86} INFO - Output:
[2025-06-14T20:04:44.288+0100] {subprocess.py:93} INFO - *** The model trained on the SMALL dataset was chosen as best! ***
[2025-06-14T20:04:44.288+0100] {subprocess.py:97} INFO - Command exited with return code 0
[2025-06-14T20:04:44.288+0100] {taskinstance.py:441} INFO - ::group::Post task execution logs
[2025-06-14T20:04:44.297+0100] {taskinstance.py:1206} INFO - Marking task as SUCCESS. dag_id=example_model_selection_dag, task_id=label_as_best_small_dataset, run_id=manual__2025-06-14T19:04:38.839087+00:00, execution_date=20250614T190438, start_date=20250614T190444, end_date=20250614T190444
[2025-06-14T20:04:44.328+0100] {local_task_job_runner.py:243} INFO - Task exited with return code 0
[2025-06-14T20:04:44.334+0100] {taskinstance.py:3503} INFO - 0 downstream tasks scheduled from follow-on schedule check
[2025-06-14T20:04:44.334+0100] {local_task_job_runner.py:222} INFO - ::endgroup::
