[2025-06-14T22:38:28.588+0100] {local_task_job_runner.py:120} INFO - ::group::Pre task execution logs
[2025-06-14T22:38:28.594+0100] {taskinstance.py:2076} INFO - Dependencies all met for dep_context=non-requeueable deps ti=<TaskInstance: customer_churn_training_dag.run_mlflow_server manual__2025-06-14T21:35:04.582002+00:00 [queued]>
[2025-06-14T22:38:28.597+0100] {taskinstance.py:2076} INFO - Dependencies all met for dep_context=requeueable deps ti=<TaskInstance: customer_churn_training_dag.run_mlflow_server manual__2025-06-14T21:35:04.582002+00:00 [queued]>
[2025-06-14T22:38:28.597+0100] {taskinstance.py:2306} INFO - Starting attempt 1 of 1
[2025-06-14T22:38:28.604+0100] {taskinstance.py:2330} INFO - Executing <Task(BashOperator): run_mlflow_server> on 2025-06-14 21:35:04.582002+00:00
[2025-06-14T22:38:28.607+0100] {standard_task_runner.py:64} INFO - Started process 152937 to run task
[2025-06-14T22:38:28.609+0100] {standard_task_runner.py:90} INFO - Running: ['airflow', 'tasks', 'run', 'customer_churn_training_dag', 'run_mlflow_server', 'manual__2025-06-14T21:35:04.582002+00:00', '--job-id', '81', '--raw', '--subdir', 'DAGS_FOLDER/dag.py', '--cfg-path', '/tmp/tmpcbf7xfoi']
[2025-06-14T22:38:28.610+0100] {standard_task_runner.py:91} INFO - Job 81: Subtask run_mlflow_server
[2025-06-14T22:38:28.630+0100] {task_command.py:426} INFO - Running <TaskInstance: customer_churn_training_dag.run_mlflow_server manual__2025-06-14T21:35:04.582002+00:00 [running]> on host neonm.
[2025-06-14T22:38:28.661+0100] {taskinstance.py:2648} INFO - Exporting env vars: AIRFLOW_CTX_DAG_OWNER='airflow' AIRFLOW_CTX_DAG_ID='customer_churn_training_dag' AIRFLOW_CTX_TASK_ID='run_mlflow_server' AIRFLOW_CTX_EXECUTION_DATE='2025-06-14T21:35:04.582002+00:00' AIRFLOW_CTX_TRY_NUMBER='1' AIRFLOW_CTX_DAG_RUN_ID='manual__2025-06-14T21:35:04.582002+00:00'
[2025-06-14T22:38:28.662+0100] {taskinstance.py:430} INFO - ::endgroup::
[2025-06-14T22:38:28.663+0100] {subprocess.py:63} INFO - Tmp dir root location: /tmp
[2025-06-14T22:38:28.663+0100] {subprocess.py:75} INFO - Running command: ['/usr/bin/bash', '-c', 'mlflow server --backend-store-uri sqlite:///mlflow.db --host 127.0.0.1 --port 5000']
[2025-06-14T22:38:28.667+0100] {subprocess.py:86} INFO - Output:
[2025-06-14T22:38:29.493+0100] {subprocess.py:93} INFO - 2025/06/14 22:38:29 INFO mlflow.store.db.utils: Creating initial MLflow database tables...
[2025-06-14T22:38:29.510+0100] {subprocess.py:93} INFO - 2025/06/14 22:38:29 INFO mlflow.store.db.utils: Updating database tables
[2025-06-14T22:38:29.512+0100] {subprocess.py:93} INFO - INFO  [alembic.runtime.migration] Context impl SQLiteImpl.
[2025-06-14T22:38:29.512+0100] {subprocess.py:93} INFO - INFO  [alembic.runtime.migration] Will assume non-transactional DDL.
[2025-06-14T22:38:29.525+0100] {subprocess.py:93} INFO - INFO  [alembic.runtime.migration] Running upgrade  -> 451aebb31d03, add metric step
[2025-06-14T22:38:29.542+0100] {subprocess.py:93} INFO - INFO  [alembic.runtime.migration] Running upgrade 451aebb31d03 -> 90e64c465722, migrate user column to tags
[2025-06-14T22:38:29.548+0100] {subprocess.py:93} INFO - INFO  [alembic.runtime.migration] Running upgrade 90e64c465722 -> 181f10493468, allow nulls for metric values
[2025-06-14T22:38:29.558+0100] {subprocess.py:93} INFO - INFO  [alembic.runtime.migration] Running upgrade 181f10493468 -> df50e92ffc5e, Add Experiment Tags Table
[2025-06-14T22:38:29.564+0100] {subprocess.py:93} INFO - INFO  [alembic.runtime.migration] Running upgrade df50e92ffc5e -> 7ac759974ad8, Update run tags with larger limit
[2025-06-14T22:38:29.576+0100] {subprocess.py:93} INFO - INFO  [alembic.runtime.migration] Running upgrade 7ac759974ad8 -> 89d4b8295536, create latest metrics table
[2025-06-14T22:38:29.621+0100] {subprocess.py:93} INFO - INFO  [89d4b8295536_create_latest_metrics_table_py] Migration complete!
[2025-06-14T22:38:29.623+0100] {subprocess.py:93} INFO - INFO  [alembic.runtime.migration] Running upgrade 89d4b8295536 -> 2b4d017a5e9b, add model registry tables to db
[2025-06-14T22:38:29.623+0100] {subprocess.py:93} INFO - INFO  [2b4d017a5e9b_add_model_registry_tables_to_db_py] Adding registered_models and model_versions tables to database.
[2025-06-14T22:38:29.630+0100] {subprocess.py:93} INFO - INFO  [2b4d017a5e9b_add_model_registry_tables_to_db_py] Migration complete!
[2025-06-14T22:38:29.632+0100] {subprocess.py:93} INFO - INFO  [alembic.runtime.migration] Running upgrade 2b4d017a5e9b -> cfd24bdc0731, Update run status constraint with killed
[2025-06-14T22:38:29.643+0100] {subprocess.py:93} INFO - INFO  [alembic.runtime.migration] Running upgrade cfd24bdc0731 -> 0a8213491aaa, drop_duplicate_killed_constraint
[2025-06-14T22:38:29.646+0100] {subprocess.py:93} INFO - INFO  [alembic.runtime.migration] Running upgrade 0a8213491aaa -> 728d730b5ebd, add registered model tags table
[2025-06-14T22:38:29.651+0100] {subprocess.py:93} INFO - INFO  [alembic.runtime.migration] Running upgrade 728d730b5ebd -> 27a6a02d2cf1, add model version tags table
[2025-06-14T22:38:29.658+0100] {subprocess.py:93} INFO - INFO  [alembic.runtime.migration] Running upgrade 27a6a02d2cf1 -> 84291f40a231, add run_link to model_version
[2025-06-14T22:38:29.663+0100] {subprocess.py:93} INFO - INFO  [alembic.runtime.migration] Running upgrade 84291f40a231 -> a8c4a736bde6, allow nulls for run_id
[2025-06-14T22:38:29.673+0100] {subprocess.py:93} INFO - INFO  [alembic.runtime.migration] Running upgrade a8c4a736bde6 -> 39d1c3be5f05, add_is_nan_constraint_for_metrics_tables_if_necessary
[2025-06-14T22:38:29.688+0100] {subprocess.py:93} INFO - INFO  [alembic.runtime.migration] Running upgrade 39d1c3be5f05 -> c48cb773bb87, reset_default_value_for_is_nan_in_metrics_table_for_mysql
[2025-06-14T22:38:29.690+0100] {subprocess.py:93} INFO - INFO  [alembic.runtime.migration] Running upgrade c48cb773bb87 -> bd07f7e963c5, create index on run_uuid
[2025-06-14T22:38:29.705+0100] {subprocess.py:93} INFO - INFO  [alembic.runtime.migration] Running upgrade bd07f7e963c5 -> 0c779009ac13, add deleted_time field to runs table
[2025-06-14T22:38:29.712+0100] {subprocess.py:93} INFO - INFO  [alembic.runtime.migration] Running upgrade 0c779009ac13 -> cc1f77228345, change param value length to 500
[2025-06-14T22:38:29.723+0100] {subprocess.py:93} INFO - INFO  [alembic.runtime.migration] Running upgrade cc1f77228345 -> 97727af70f4d, Add creation_time and last_update_time to experiments table
[2025-06-14T22:38:29.730+0100] {subprocess.py:93} INFO - INFO  [alembic.runtime.migration] Running upgrade 97727af70f4d -> 3500859a5d39, Add Model Aliases table
[2025-06-14T22:38:29.736+0100] {subprocess.py:93} INFO - INFO  [alembic.runtime.migration] Running upgrade 3500859a5d39 -> 7f2a7d5fae7d, add datasets inputs input_tags tables
[2025-06-14T22:38:29.759+0100] {subprocess.py:93} INFO - INFO  [alembic.runtime.migration] Running upgrade 7f2a7d5fae7d -> 2d6e25af4d3e, increase max param val length from 500 to 8000
[2025-06-14T22:38:29.771+0100] {subprocess.py:93} INFO - INFO  [alembic.runtime.migration] Running upgrade 2d6e25af4d3e -> acf3f17fdcc7, add storage location field to model versions
[2025-06-14T22:38:29.776+0100] {subprocess.py:93} INFO - INFO  [alembic.runtime.migration] Running upgrade acf3f17fdcc7 -> 867495a8f9d4, add trace tables
[2025-06-14T22:38:29.796+0100] {subprocess.py:93} INFO - INFO  [alembic.runtime.migration] Running upgrade 867495a8f9d4 -> 5b0e9adcef9c, add cascade deletion to trace tables foreign keys
[2025-06-14T22:38:29.811+0100] {subprocess.py:93} INFO - INFO  [alembic.runtime.migration] Running upgrade 5b0e9adcef9c -> 4465047574b1, increase max dataset schema size
[2025-06-14T22:38:29.814+0100] {subprocess.py:93} INFO - INFO  [alembic.runtime.migration] Running upgrade 4465047574b1 -> f5a4f2784254, increase run tag value limit to 8000
[2025-06-14T22:38:29.824+0100] {subprocess.py:93} INFO - INFO  [alembic.runtime.migration] Running upgrade f5a4f2784254 -> 0584bdc529eb, add cascading deletion to datasets from experiments
[2025-06-14T22:38:29.834+0100] {subprocess.py:93} INFO - INFO  [alembic.runtime.migration] Running upgrade 0584bdc529eb -> 400f98739977, add logged model tables
[2025-06-14T22:38:29.852+0100] {subprocess.py:93} INFO - INFO  [alembic.runtime.migration] Running upgrade 400f98739977 -> 6953534de441, add step to inputs table
[2025-06-14T22:38:29.864+0100] {subprocess.py:93} INFO - INFO  [alembic.runtime.migration] Context impl SQLiteImpl.
[2025-06-14T22:38:29.864+0100] {subprocess.py:93} INFO - INFO  [alembic.runtime.migration] Will assume non-transactional DDL.
[2025-06-14T22:38:29.880+0100] {subprocess.py:93} INFO - 2025/06/14 22:38:29 INFO mlflow.store.db.utils: Creating initial MLflow database tables...
[2025-06-14T22:38:29.880+0100] {subprocess.py:93} INFO - 2025/06/14 22:38:29 INFO mlflow.store.db.utils: Updating database tables
[2025-06-14T22:38:29.882+0100] {subprocess.py:93} INFO - INFO  [alembic.runtime.migration] Context impl SQLiteImpl.
[2025-06-14T22:38:29.882+0100] {subprocess.py:93} INFO - INFO  [alembic.runtime.migration] Will assume non-transactional DDL.
[2025-06-14T22:38:29.938+0100] {subprocess.py:93} INFO - [2025-06-14 22:38:29 +0100] [153015] [INFO] Starting gunicorn 21.2.0
[2025-06-14T22:38:29.938+0100] {subprocess.py:93} INFO - [2025-06-14 22:38:29 +0100] [153015] [INFO] Listening at: http://127.0.0.1:5000 (153015)
[2025-06-14T22:38:29.939+0100] {subprocess.py:93} INFO - [2025-06-14 22:38:29 +0100] [153015] [INFO] Using worker: sync
[2025-06-14T22:38:29.940+0100] {subprocess.py:93} INFO - [2025-06-14 22:38:29 +0100] [153044] [INFO] Booting worker with pid: 153044
[2025-06-14T22:38:29.972+0100] {subprocess.py:93} INFO - [2025-06-14 22:38:29 +0100] [153053] [INFO] Booting worker with pid: 153053
[2025-06-14T22:38:29.986+0100] {subprocess.py:93} INFO - [2025-06-14 22:38:29 +0100] [153054] [INFO] Booting worker with pid: 153054
[2025-06-14T22:38:30.033+0100] {subprocess.py:93} INFO - [2025-06-14 22:38:30 +0100] [153055] [INFO] Booting worker with pid: 153055
[2025-06-14T22:38:48.640+0100] {subprocess.py:93} INFO - 2025/06/14 22:38:48 INFO mlflow.store.db.utils: Creating initial MLflow database tables...
[2025-06-14T22:38:48.641+0100] {subprocess.py:93} INFO - 2025/06/14 22:38:48 INFO mlflow.store.db.utils: Updating database tables
[2025-06-14T22:38:48.642+0100] {subprocess.py:93} INFO - INFO  [alembic.runtime.migration] Context impl SQLiteImpl.
[2025-06-14T22:38:48.642+0100] {subprocess.py:93} INFO - INFO  [alembic.runtime.migration] Will assume non-transactional DDL.
[2025-06-14T22:38:48.658+0100] {subprocess.py:93} INFO - INFO  [alembic.runtime.migration] Context impl SQLiteImpl.
[2025-06-14T22:38:48.658+0100] {subprocess.py:93} INFO - INFO  [alembic.runtime.migration] Will assume non-transactional DDL.
[2025-06-14T22:39:19.678+0100] {subprocess.py:93} INFO - 2025/06/14 22:39:19 INFO mlflow.store.db.utils: Creating initial MLflow database tables...
[2025-06-14T22:39:19.679+0100] {subprocess.py:93} INFO - 2025/06/14 22:39:19 INFO mlflow.store.db.utils: Updating database tables
[2025-06-14T22:39:19.681+0100] {subprocess.py:93} INFO - INFO  [alembic.runtime.migration] Context impl SQLiteImpl.
[2025-06-14T22:39:19.681+0100] {subprocess.py:93} INFO - INFO  [alembic.runtime.migration] Will assume non-transactional DDL.
[2025-06-14T22:39:19.696+0100] {subprocess.py:93} INFO - INFO  [alembic.runtime.migration] Context impl SQLiteImpl.
[2025-06-14T22:39:19.696+0100] {subprocess.py:93} INFO - INFO  [alembic.runtime.migration] Will assume non-transactional DDL.
[2025-06-14T22:39:50.460+0100] {subprocess.py:93} INFO - 2025/06/14 22:39:50 INFO mlflow.store.db.utils: Creating initial MLflow database tables...
[2025-06-14T22:39:50.461+0100] {subprocess.py:93} INFO - 2025/06/14 22:39:50 INFO mlflow.store.db.utils: Updating database tables
[2025-06-14T22:39:50.463+0100] {subprocess.py:93} INFO - INFO  [alembic.runtime.migration] Context impl SQLiteImpl.
[2025-06-14T22:39:50.463+0100] {subprocess.py:93} INFO - INFO  [alembic.runtime.migration] Will assume non-transactional DDL.
[2025-06-14T22:39:50.477+0100] {subprocess.py:93} INFO - INFO  [alembic.runtime.migration] Context impl SQLiteImpl.
[2025-06-14T22:39:50.477+0100] {subprocess.py:93} INFO - INFO  [alembic.runtime.migration] Will assume non-transactional DDL.
[2025-06-14T22:40:19.134+0100] {local_task_job_runner.py:222} INFO - ::endgroup::
[2025-06-14T22:40:19.137+0100] {process_utils.py:132} INFO - Sending Signals.SIGTERM to group 152937. PIDs of all processes in the group: [152940, 153015, 153044, 153053, 153054, 153055, 152937]
[2025-06-14T22:40:19.137+0100] {process_utils.py:87} INFO - Sending the signal Signals.SIGTERM to group 152937
[2025-06-14T22:40:19.138+0100] {taskinstance.py:2611} ERROR - Received SIGTERM. Terminating subprocesses.
[2025-06-14T22:40:19.138+0100] {subprocess.py:104} INFO - Sending SIGTERM signal to process group
[2025-06-14T22:40:19.138+0100] {taskinstance.py:441} INFO - ::group::Post task execution logs
[2025-06-14T22:40:19.148+0100] {taskinstance.py:2905} ERROR - Task failed with exception
Traceback (most recent call last):
  File "/home/press/miniconda3/envs/acronis/lib/python3.9/site-packages/airflow/models/taskinstance.py", line 465, in _execute_task
    result = _execute_callable(context=context, **execute_callable_kwargs)
  File "/home/press/miniconda3/envs/acronis/lib/python3.9/site-packages/airflow/models/taskinstance.py", line 432, in _execute_callable
    return execute_callable(context=context, **execute_callable_kwargs)
  File "/home/press/miniconda3/envs/acronis/lib/python3.9/site-packages/airflow/models/baseoperator.py", line 401, in wrapper
    return func(self, *args, **kwargs)
  File "/home/press/miniconda3/envs/acronis/lib/python3.9/site-packages/airflow/operators/bash.py", line 234, in execute
    result = self.subprocess_hook.run_command(
  File "/home/press/miniconda3/envs/acronis/lib/python3.9/site-packages/airflow/hooks/subprocess.py", line 91, in run_command
    for raw_line in iter(self.sub_process.stdout.readline, b""):
  File "/home/press/miniconda3/envs/acronis/lib/python3.9/site-packages/airflow/models/taskinstance.py", line 2613, in signal_handler
    raise AirflowTaskTerminated("Task received SIGTERM signal")
airflow.exceptions.AirflowTaskTerminated: Task received SIGTERM signal
[2025-06-14T22:40:19.150+0100] {taskinstance.py:1206} INFO - Marking task as FAILED. dag_id=customer_churn_training_dag, task_id=run_mlflow_server, run_id=manual__2025-06-14T21:35:04.582002+00:00, execution_date=20250614T213504, start_date=20250614T213828, end_date=20250614T214019
[2025-06-14T22:40:19.310+0100] {process_utils.py:80} INFO - Process psutil.Process(pid=153055, status='terminated', started='22:38:30') (153055) terminated with exit code None
[2025-06-14T22:40:19.483+0100] {process_utils.py:80} INFO - Process psutil.Process(pid=153015, status='terminated', started='22:38:29') (153015) terminated with exit code None
[2025-06-14T22:40:19.483+0100] {process_utils.py:80} INFO - Process psutil.Process(pid=153054, status='terminated', started='22:38:29') (153054) terminated with exit code None
[2025-06-14T22:40:19.483+0100] {process_utils.py:80} INFO - Process psutil.Process(pid=152937, status='terminated', exitcode=2, started='22:38:28') (152937) terminated with exit code 2
[2025-06-14T22:40:19.483+0100] {process_utils.py:80} INFO - Process psutil.Process(pid=153053, status='terminated', started='22:38:29') (153053) terminated with exit code None
[2025-06-14T22:40:19.483+0100] {process_utils.py:80} INFO - Process psutil.Process(pid=152940, status='terminated', started='22:38:28') (152940) terminated with exit code None
[2025-06-14T22:40:19.483+0100] {process_utils.py:80} INFO - Process psutil.Process(pid=153044, status='terminated', started='22:38:29') (153044) terminated with exit code None
