[2025-06-15T10:14:28.356+0100] {local_task_job_runner.py:120} INFO - ::group::Pre task execution logs
[2025-06-15T10:14:28.362+0100] {taskinstance.py:2076} INFO - Dependencies all met for dep_context=non-requeueable deps ti=<TaskInstance: customer_churn_training_dag.train_on_full_dataset manual__2025-06-15T09:14:15.177872+00:00 [queued]>
[2025-06-15T10:14:28.365+0100] {taskinstance.py:2076} INFO - Dependencies all met for dep_context=requeueable deps ti=<TaskInstance: customer_churn_training_dag.train_on_full_dataset manual__2025-06-15T09:14:15.177872+00:00 [queued]>
[2025-06-15T10:14:28.365+0100] {taskinstance.py:2306} INFO - Starting attempt 1 of 1
[2025-06-15T10:14:28.371+0100] {taskinstance.py:2330} INFO - Executing <Task(BashOperator): train_on_full_dataset> on 2025-06-15 09:14:15.177872+00:00
[2025-06-15T10:14:28.374+0100] {standard_task_runner.py:64} INFO - Started process 298464 to run task
[2025-06-15T10:14:28.376+0100] {standard_task_runner.py:90} INFO - Running: ['airflow', 'tasks', 'run', 'customer_churn_training_dag', 'train_on_full_dataset', 'manual__2025-06-15T09:14:15.177872+00:00', '--job-id', '147', '--raw', '--subdir', 'DAGS_FOLDER/dag.py', '--cfg-path', '/tmp/tmp00fh979k']
[2025-06-15T10:14:28.377+0100] {standard_task_runner.py:91} INFO - Job 147: Subtask train_on_full_dataset
[2025-06-15T10:14:28.395+0100] {task_command.py:426} INFO - Running <TaskInstance: customer_churn_training_dag.train_on_full_dataset manual__2025-06-15T09:14:15.177872+00:00 [running]> on host neonm.
[2025-06-15T10:14:28.427+0100] {taskinstance.py:2648} INFO - Exporting env vars: AIRFLOW_CTX_DAG_OWNER='airflow' AIRFLOW_CTX_DAG_ID='customer_churn_training_dag' AIRFLOW_CTX_TASK_ID='train_on_full_dataset' AIRFLOW_CTX_EXECUTION_DATE='2025-06-15T09:14:15.177872+00:00' AIRFLOW_CTX_TRY_NUMBER='1' AIRFLOW_CTX_DAG_RUN_ID='manual__2025-06-15T09:14:15.177872+00:00'
[2025-06-15T10:14:28.428+0100] {taskinstance.py:430} INFO - ::endgroup::
[2025-06-15T10:14:28.428+0100] {subprocess.py:63} INFO - Tmp dir root location: /tmp
[2025-06-15T10:14:28.429+0100] {subprocess.py:75} INFO - Running command: ['/usr/bin/bash', '-c', '\n            cd /home/press/coding/acronis_interview_v02 &&             python scripts/model_training.py                 --data_path kaggle_datasets/telecom_customer_churn.csv                 --n_estimators 100                 --max_depth 10                 --top_n_features 20                 --mlflow_tracking_uri http://127.0.0.1:5000                 --output_path /home/press/coding/acronis_interview_v02/tmp/accuracy/full_dataset_accuracy.txt\n        ']
[2025-06-15T10:14:28.433+0100] {subprocess.py:86} INFO - Output:
[2025-06-15T10:14:33.466+0100] {subprocess.py:93} INFO - Registered model 'random_forest_model' already exists. Creating a new version of this model...
[2025-06-15T10:14:33.481+0100] {subprocess.py:93} INFO - 2025/06/15 10:14:33 INFO mlflow.store.model_registry.abstract_store: Waiting up to 300 seconds for model version to finish creation. Model name: random_forest_model, version 61
[2025-06-15T10:14:33.482+0100] {subprocess.py:93} INFO - Created version '61' of model 'random_forest_model'.
[2025-06-15T10:14:33.518+0100] {subprocess.py:93} INFO - Loading data from kaggle_datasets/telecom_customer_churn.csv
[2025-06-15T10:14:33.518+0100] {subprocess.py:93} INFO - Converting integer columns to float to handle potential missing values...
[2025-06-15T10:14:33.518+0100] {subprocess.py:93} INFO - Logging training data...
[2025-06-15T10:14:33.518+0100] {subprocess.py:93} INFO - Training RandomForestClassifier...
[2025-06-15T10:14:33.518+0100] {subprocess.py:93} INFO - Accuracy: 0.8147622427253371
[2025-06-15T10:14:33.518+0100] {subprocess.py:93} INFO - AUC: 0.8819292670955076
[2025-06-15T10:14:33.518+0100] {subprocess.py:93} INFO - Precision: 0.864516129032258
[2025-06-15T10:14:33.518+0100] {subprocess.py:93} INFO - Recall: 0.3582887700534759
[2025-06-15T10:14:33.518+0100] {subprocess.py:93} INFO - F1 Score: 0.5066162570888468
[2025-06-15T10:14:33.518+0100] {subprocess.py:93} INFO - Creating feature importance chart...
[2025-06-15T10:14:33.518+0100] {subprocess.py:93} INFO - Accuracy (0.8147622427253371) saved to /home/press/coding/acronis_interview_v02/tmp/accuracy/full_dataset_accuracy.txt
[2025-06-15T10:14:33.518+0100] {subprocess.py:93} INFO - 🏃 View run judicious-pig-601 at: http://127.0.0.1:5000/#/experiments/1/runs/c78f3283c63947589ba61aff32476fa7
[2025-06-15T10:14:33.518+0100] {subprocess.py:93} INFO - 🧪 View experiment at: http://127.0.0.1:5000/#/experiments/1
[2025-06-15T10:14:33.662+0100] {subprocess.py:97} INFO - Command exited with return code 0
[2025-06-15T10:14:33.663+0100] {taskinstance.py:441} INFO - ::group::Post task execution logs
[2025-06-15T10:14:33.673+0100] {taskinstance.py:1206} INFO - Marking task as SUCCESS. dag_id=customer_churn_training_dag, task_id=train_on_full_dataset, run_id=manual__2025-06-15T09:14:15.177872+00:00, execution_date=20250615T091415, start_date=20250615T091428, end_date=20250615T091433
[2025-06-15T10:14:33.692+0100] {local_task_job_runner.py:243} INFO - Task exited with return code 0
[2025-06-15T10:14:33.700+0100] {taskinstance.py:3503} INFO - 1 downstream tasks scheduled from follow-on schedule check
[2025-06-15T10:14:33.703+0100] {local_task_job_runner.py:222} INFO - ::endgroup::
