[2025-06-14T22:07:39.262+0100] {local_task_job_runner.py:120} INFO - ::group::Pre task execution logs
[2025-06-14T22:07:39.268+0100] {taskinstance.py:2076} INFO - Dependencies all met for dep_context=non-requeueable deps ti=<TaskInstance: customer_churn_training_dag.train_on_small_dataset manual__2025-06-14T21:07:37.846696+00:00 [queued]>
[2025-06-14T22:07:39.271+0100] {taskinstance.py:2076} INFO - Dependencies all met for dep_context=requeueable deps ti=<TaskInstance: customer_churn_training_dag.train_on_small_dataset manual__2025-06-14T21:07:37.846696+00:00 [queued]>
[2025-06-14T22:07:39.271+0100] {taskinstance.py:2306} INFO - Starting attempt 1 of 1
[2025-06-14T22:07:39.278+0100] {taskinstance.py:2330} INFO - Executing <Task(BashOperator): train_on_small_dataset> on 2025-06-14 21:07:37.846696+00:00
[2025-06-14T22:07:39.280+0100] {standard_task_runner.py:64} INFO - Started process 130039 to run task
[2025-06-14T22:07:39.282+0100] {standard_task_runner.py:90} INFO - Running: ['airflow', 'tasks', 'run', 'customer_churn_training_dag', 'train_on_small_dataset', 'manual__2025-06-14T21:07:37.846696+00:00', '--job-id', '45', '--raw', '--subdir', 'DAGS_FOLDER/dag.py', '--cfg-path', '/tmp/tmpax58lfi5']
[2025-06-14T22:07:39.283+0100] {standard_task_runner.py:91} INFO - Job 45: Subtask train_on_small_dataset
[2025-06-14T22:07:39.305+0100] {task_command.py:426} INFO - Running <TaskInstance: customer_churn_training_dag.train_on_small_dataset manual__2025-06-14T21:07:37.846696+00:00 [running]> on host neonm.
[2025-06-14T22:07:39.337+0100] {taskinstance.py:2648} INFO - Exporting env vars: AIRFLOW_CTX_DAG_OWNER='airflow' AIRFLOW_CTX_DAG_ID='customer_churn_training_dag' AIRFLOW_CTX_TASK_ID='train_on_small_dataset' AIRFLOW_CTX_EXECUTION_DATE='2025-06-14T21:07:37.846696+00:00' AIRFLOW_CTX_TRY_NUMBER='1' AIRFLOW_CTX_DAG_RUN_ID='manual__2025-06-14T21:07:37.846696+00:00'
[2025-06-14T22:07:39.338+0100] {taskinstance.py:430} INFO - ::endgroup::
[2025-06-14T22:07:39.339+0100] {subprocess.py:63} INFO - Tmp dir root location: /tmp
[2025-06-14T22:07:39.339+0100] {subprocess.py:75} INFO - Running command: ['/usr/bin/bash', '-c', '\n            cd /home/press/coding/acronis_interview_v02 &&             python scripts/model_training.py                 --data_path data/customer_churn_small.csv                 --n_estimators 50                 --max_depth 5                 --top_n_features 10                 --mlflow_tracking_uri http://127.0.0.1:5000\n        ']
[2025-06-14T22:07:39.343+0100] {subprocess.py:86} INFO - Output:
[2025-06-14T22:07:40.609+0100] {subprocess.py:93} INFO - /home/press/miniconda3/envs/acronis/lib/python3.9/site-packages/sklearn/metrics/_classification.py:1565: UndefinedMetricWarning: Precision is ill-defined and being set to 0.0 due to no predicted samples. Use `zero_division` parameter to control this behavior.
[2025-06-14T22:07:40.609+0100] {subprocess.py:93} INFO -   _warn_prf(average, modifier, f"{metric.capitalize()} is", len(result))
[2025-06-14T22:07:42.675+0100] {subprocess.py:93} INFO - Registered model 'random_forest_model' already exists. Creating a new version of this model...
[2025-06-14T22:07:42.738+0100] {subprocess.py:93} INFO - 2025/06/14 22:07:42 INFO mlflow.store.model_registry.abstract_store: Waiting up to 300 seconds for model version to finish creation. Model name: random_forest_model, version 19
[2025-06-14T22:07:42.738+0100] {subprocess.py:93} INFO - Created version '19' of model 'random_forest_model'.
[2025-06-14T22:07:42.771+0100] {subprocess.py:93} INFO - Loading data from data/customer_churn_small.csv
[2025-06-14T22:07:42.771+0100] {subprocess.py:93} INFO - Converting integer columns to float to handle potential missing values...
[2025-06-14T22:07:42.771+0100] {subprocess.py:93} INFO - Logging training data...
[2025-06-14T22:07:42.771+0100] {subprocess.py:93} INFO - Training RandomForestClassifier...
[2025-06-14T22:07:42.771+0100] {subprocess.py:93} INFO - Accuracy: 0.735
[2025-06-14T22:07:42.771+0100] {subprocess.py:93} INFO - AUC: 0.8667693492491336
[2025-06-14T22:07:42.771+0100] {subprocess.py:93} INFO - Precision: 0.0
[2025-06-14T22:07:42.771+0100] {subprocess.py:93} INFO - Recall: 0.0
[2025-06-14T22:07:42.771+0100] {subprocess.py:93} INFO - F1 Score: 0.0
[2025-06-14T22:07:42.771+0100] {subprocess.py:93} INFO - Creating feature importance chart...
[2025-06-14T22:07:42.771+0100] {subprocess.py:93} INFO - 0.735
[2025-06-14T22:07:42.772+0100] {subprocess.py:93} INFO - 🏃 View run rogue-shad-114 at: http://127.0.0.1:5000/#/experiments/1/runs/547737dcddec443a8a297f3802a32233
[2025-06-14T22:07:42.772+0100] {subprocess.py:93} INFO - 🧪 View experiment at: http://127.0.0.1:5000/#/experiments/1
[2025-06-14T22:07:42.915+0100] {subprocess.py:97} INFO - Command exited with return code 0
[2025-06-14T22:07:42.916+0100] {taskinstance.py:441} INFO - ::group::Post task execution logs
[2025-06-14T22:07:42.924+0100] {taskinstance.py:1206} INFO - Marking task as SUCCESS. dag_id=customer_churn_training_dag, task_id=train_on_small_dataset, run_id=manual__2025-06-14T21:07:37.846696+00:00, execution_date=20250614T210737, start_date=20250614T210739, end_date=20250614T210742
[2025-06-14T22:07:42.943+0100] {local_task_job_runner.py:243} INFO - Task exited with return code 0
[2025-06-14T22:07:42.950+0100] {taskinstance.py:3503} INFO - 0 downstream tasks scheduled from follow-on schedule check
[2025-06-14T22:07:42.950+0100] {local_task_job_runner.py:222} INFO - ::endgroup::
