[2025-06-15T00:13:02.749+0100] {local_task_job_runner.py:120} INFO - ::group::Pre task execution logs
[2025-06-15T00:13:02.756+0100] {taskinstance.py:2076} INFO - Dependencies all met for dep_context=non-requeueable deps ti=<TaskInstance: customer_churn_training_dag.train_on_small_dataset manual__2025-06-14T23:13:00.506326+00:00 [queued]>
[2025-06-15T00:13:02.758+0100] {taskinstance.py:2076} INFO - Dependencies all met for dep_context=requeueable deps ti=<TaskInstance: customer_churn_training_dag.train_on_small_dataset manual__2025-06-14T23:13:00.506326+00:00 [queued]>
[2025-06-15T00:13:02.758+0100] {taskinstance.py:2306} INFO - Starting attempt 1 of 1
[2025-06-15T00:13:02.766+0100] {taskinstance.py:2330} INFO - Executing <Task(BashOperator): train_on_small_dataset> on 2025-06-14 23:13:00.506326+00:00
[2025-06-15T00:13:02.768+0100] {standard_task_runner.py:64} INFO - Started process 202390 to run task
[2025-06-15T00:13:02.771+0100] {standard_task_runner.py:90} INFO - Running: ['airflow', 'tasks', 'run', 'customer_churn_training_dag', 'train_on_small_dataset', 'manual__2025-06-14T23:13:00.506326+00:00', '--job-id', '109', '--raw', '--subdir', 'DAGS_FOLDER/dag.py', '--cfg-path', '/tmp/tmptfm5rr2o']
[2025-06-15T00:13:02.771+0100] {standard_task_runner.py:91} INFO - Job 109: Subtask train_on_small_dataset
[2025-06-15T00:13:02.792+0100] {task_command.py:426} INFO - Running <TaskInstance: customer_churn_training_dag.train_on_small_dataset manual__2025-06-14T23:13:00.506326+00:00 [running]> on host neonm.
[2025-06-15T00:13:02.824+0100] {taskinstance.py:2648} INFO - Exporting env vars: AIRFLOW_CTX_DAG_OWNER='airflow' AIRFLOW_CTX_DAG_ID='customer_churn_training_dag' AIRFLOW_CTX_TASK_ID='train_on_small_dataset' AIRFLOW_CTX_EXECUTION_DATE='2025-06-14T23:13:00.506326+00:00' AIRFLOW_CTX_TRY_NUMBER='1' AIRFLOW_CTX_DAG_RUN_ID='manual__2025-06-14T23:13:00.506326+00:00'
[2025-06-15T00:13:02.825+0100] {taskinstance.py:430} INFO - ::endgroup::
[2025-06-15T00:13:02.825+0100] {subprocess.py:63} INFO - Tmp dir root location: /tmp
[2025-06-15T00:13:02.826+0100] {subprocess.py:75} INFO - Running command: ['/usr/bin/bash', '-c', '\n            cd /home/press/coding/acronis_interview_v02 &&             python scripts/model_training.py                 --data_path data/customer_churn_small.csv                 --n_estimators 50                 --max_depth 5                 --top_n_features 10                 --mlflow_tracking_uri http://127.0.0.1:5000\n        ']
[2025-06-15T00:13:02.830+0100] {subprocess.py:86} INFO - Output:
[2025-06-15T00:13:04.096+0100] {subprocess.py:93} INFO - /home/press/miniconda3/envs/acronis/lib/python3.9/site-packages/sklearn/metrics/_classification.py:1565: UndefinedMetricWarning: Precision is ill-defined and being set to 0.0 due to no predicted samples. Use `zero_division` parameter to control this behavior.
[2025-06-15T00:13:04.097+0100] {subprocess.py:93} INFO -   _warn_prf(average, modifier, f"{metric.capitalize()} is", len(result))
[2025-06-15T00:13:06.077+0100] {subprocess.py:93} INFO - Registered model 'random_forest_model' already exists. Creating a new version of this model...
[2025-06-15T00:13:06.113+0100] {subprocess.py:93} INFO - 2025/06/15 00:13:06 INFO mlflow.store.model_registry.abstract_store: Waiting up to 300 seconds for model version to finish creation. Model name: random_forest_model, version 37
[2025-06-15T00:13:06.113+0100] {subprocess.py:93} INFO - Created version '37' of model 'random_forest_model'.
[2025-06-15T00:13:06.146+0100] {subprocess.py:93} INFO - Loading data from data/customer_churn_small.csv
[2025-06-15T00:13:06.147+0100] {subprocess.py:93} INFO - Converting integer columns to float to handle potential missing values...
[2025-06-15T00:13:06.147+0100] {subprocess.py:93} INFO - Logging training data...
[2025-06-15T00:13:06.147+0100] {subprocess.py:93} INFO - Training RandomForestClassifier...
[2025-06-15T00:13:06.147+0100] {subprocess.py:93} INFO - Accuracy: 0.735
[2025-06-15T00:13:06.147+0100] {subprocess.py:93} INFO - AUC: 0.8667693492491336
[2025-06-15T00:13:06.147+0100] {subprocess.py:93} INFO - Precision: 0.0
[2025-06-15T00:13:06.148+0100] {subprocess.py:93} INFO - Recall: 0.0
[2025-06-15T00:13:06.148+0100] {subprocess.py:93} INFO - F1 Score: 0.0
[2025-06-15T00:13:06.148+0100] {subprocess.py:93} INFO - Creating feature importance chart...
[2025-06-15T00:13:06.148+0100] {subprocess.py:93} INFO - 0.735
[2025-06-15T00:13:06.148+0100] {subprocess.py:93} INFO - 🏃 View run amusing-penguin-786 at: http://127.0.0.1:5000/#/experiments/1/runs/56d199bb234149d9beaae7bf7959202f
[2025-06-15T00:13:06.148+0100] {subprocess.py:93} INFO - 🧪 View experiment at: http://127.0.0.1:5000/#/experiments/1
[2025-06-15T00:13:06.306+0100] {subprocess.py:97} INFO - Command exited with return code 0
[2025-06-15T00:13:06.307+0100] {taskinstance.py:441} INFO - ::group::Post task execution logs
[2025-06-15T00:13:06.315+0100] {taskinstance.py:1206} INFO - Marking task as SUCCESS. dag_id=customer_churn_training_dag, task_id=train_on_small_dataset, run_id=manual__2025-06-14T23:13:00.506326+00:00, execution_date=20250614T231300, start_date=20250614T231302, end_date=20250614T231306
[2025-06-15T00:13:06.349+0100] {local_task_job_runner.py:243} INFO - Task exited with return code 0
[2025-06-15T00:13:06.358+0100] {taskinstance.py:3503} INFO - 0 downstream tasks scheduled from follow-on schedule check
[2025-06-15T00:13:06.359+0100] {local_task_job_runner.py:222} INFO - ::endgroup::
