[2025-06-14T20:04:42.923+0100] {local_task_job_runner.py:120} INFO - ::group::Pre task execution logs
[2025-06-14T20:04:42.930+0100] {taskinstance.py:2076} INFO - Dependencies all met for dep_context=non-requeueable deps ti=<TaskInstance: example_model_selection_dag.choose_best_model manual__2025-06-14T19:04:38.839087+00:00 [queued]>
[2025-06-14T20:04:42.933+0100] {taskinstance.py:2076} INFO - Dependencies all met for dep_context=requeueable deps ti=<TaskInstance: example_model_selection_dag.choose_best_model manual__2025-06-14T19:04:38.839087+00:00 [queued]>
[2025-06-14T20:04:42.933+0100] {taskinstance.py:2306} INFO - Starting attempt 1 of 1
[2025-06-14T20:04:42.940+0100] {taskinstance.py:2330} INFO - Executing <Task(BranchPythonOperator): choose_best_model> on 2025-06-14 19:04:38.839087+00:00
[2025-06-14T20:04:42.942+0100] {standard_task_runner.py:64} INFO - Started process 79753 to run task
[2025-06-14T20:04:42.943+0100] {standard_task_runner.py:90} INFO - Running: ['airflow', 'tasks', 'run', 'example_model_selection_dag', 'choose_best_model', 'manual__2025-06-14T19:04:38.839087+00:00', '--job-id', '13', '--raw', '--subdir', 'DAGS_FOLDER/airflow_dag.py', '--cfg-path', '/tmp/tmptrnyyglf']
[2025-06-14T20:04:42.943+0100] {standard_task_runner.py:91} INFO - Job 13: Subtask choose_best_model
[2025-06-14T20:04:42.961+0100] {task_command.py:426} INFO - Running <TaskInstance: example_model_selection_dag.choose_best_model manual__2025-06-14T19:04:38.839087+00:00 [running]> on host neonm.
[2025-06-14T20:04:43.003+0100] {taskinstance.py:2648} INFO - Exporting env vars: AIRFLOW_CTX_DAG_OWNER='airflow' AIRFLOW_CTX_DAG_ID='example_model_selection_dag' AIRFLOW_CTX_TASK_ID='choose_best_model' AIRFLOW_CTX_EXECUTION_DATE='2025-06-14T19:04:38.839087+00:00' AIRFLOW_CTX_TRY_NUMBER='1' AIRFLOW_CTX_DAG_RUN_ID='manual__2025-06-14T19:04:38.839087+00:00'
[2025-06-14T20:04:43.004+0100] {taskinstance.py:430} INFO - ::endgroup::
[2025-06-14T20:04:43.004+0100] {baseoperator.py:400} WARNING - BranchPythonOperator.execute cannot be called outside TaskInstance!
[2025-06-14T20:04:43.008+0100] {logging_mixin.py:188} INFO - Model from full dataset accuracy: 0.7641
[2025-06-14T20:04:43.009+0100] {logging_mixin.py:188} INFO - Model from small dataset accuracy: 0.8189
[2025-06-14T20:04:43.009+0100] {python.py:237} INFO - Done. Returned value was: label_as_best_small_dataset
[2025-06-14T20:04:43.009+0100] {branch.py:36} INFO - Branch into label_as_best_small_dataset
[2025-06-14T20:04:43.009+0100] {skipmixin.py:178} INFO - Following branch label_as_best_small_dataset
[2025-06-14T20:04:43.013+0100] {skipmixin.py:246} INFO - Skipping tasks [('label_as_best_full_dataset', -1)]
[2025-06-14T20:04:43.023+0100] {taskinstance.py:441} INFO - ::group::Post task execution logs
[2025-06-14T20:04:43.029+0100] {taskinstance.py:1206} INFO - Marking task as SUCCESS. dag_id=example_model_selection_dag, task_id=choose_best_model, run_id=manual__2025-06-14T19:04:38.839087+00:00, execution_date=20250614T190438, start_date=20250614T190442, end_date=20250614T190443
[2025-06-14T20:04:43.076+0100] {local_task_job_runner.py:243} INFO - Task exited with return code 0
[2025-06-14T20:04:43.085+0100] {taskinstance.py:3503} INFO - 1 downstream tasks scheduled from follow-on schedule check
[2025-06-14T20:04:43.089+0100] {local_task_job_runner.py:222} INFO - ::endgroup::
