[2025-06-15T01:11:12.683+0100] {local_task_job_runner.py:120} INFO - ::group::Pre task execution logs
[2025-06-15T01:11:12.690+0100] {taskinstance.py:2076} INFO - Dependencies all met for dep_context=non-requeueable deps ti=<TaskInstance: customer_churn_training_dag.compare_accuracies manual__2025-06-15T00:10:58.712423+00:00 [queued]>
[2025-06-15T01:11:12.693+0100] {taskinstance.py:2076} INFO - Dependencies all met for dep_context=requeueable deps ti=<TaskInstance: customer_churn_training_dag.compare_accuracies manual__2025-06-15T00:10:58.712423+00:00 [queued]>
[2025-06-15T01:11:12.693+0100] {taskinstance.py:2306} INFO - Starting attempt 1 of 1
[2025-06-15T01:11:12.700+0100] {taskinstance.py:2330} INFO - Executing <Task(PythonOperator): compare_accuracies> on 2025-06-15 00:10:58.712423+00:00
[2025-06-15T01:11:12.703+0100] {standard_task_runner.py:64} INFO - Started process 235485 to run task
[2025-06-15T01:11:12.705+0100] {standard_task_runner.py:90} INFO - Running: ['airflow', 'tasks', 'run', 'customer_churn_training_dag', 'compare_accuracies', 'manual__2025-06-15T00:10:58.712423+00:00', '--job-id', '131', '--raw', '--subdir', 'DAGS_FOLDER/dag.py', '--cfg-path', '/tmp/tmpg32eqgt9']
[2025-06-15T01:11:12.705+0100] {standard_task_runner.py:91} INFO - Job 131: Subtask compare_accuracies
[2025-06-15T01:11:12.723+0100] {task_command.py:426} INFO - Running <TaskInstance: customer_churn_training_dag.compare_accuracies manual__2025-06-15T00:10:58.712423+00:00 [running]> on host neonm.
[2025-06-15T01:11:12.757+0100] {taskinstance.py:2648} INFO - Exporting env vars: AIRFLOW_CTX_DAG_OWNER='airflow' AIRFLOW_CTX_DAG_ID='customer_churn_training_dag' AIRFLOW_CTX_TASK_ID='compare_accuracies' AIRFLOW_CTX_EXECUTION_DATE='2025-06-15T00:10:58.712423+00:00' AIRFLOW_CTX_TRY_NUMBER='1' AIRFLOW_CTX_DAG_RUN_ID='manual__2025-06-15T00:10:58.712423+00:00'
[2025-06-15T01:11:12.758+0100] {taskinstance.py:430} INFO - ::endgroup::
[2025-06-15T01:11:12.758+0100] {logging_mixin.py:188} INFO - --- Accuracy Report ---
[2025-06-15T01:11:12.758+0100] {logging_mixin.py:188} INFO - Small dataset accuracy: 0.735
[2025-06-15T01:11:12.758+0100] {logging_mixin.py:188} INFO - Full dataset accuracy:  0.8147622427253371
[2025-06-15T01:11:12.759+0100] {logging_mixin.py:188} INFO - Conclusion: Model trained on the full dataset performs better or equal.
[2025-06-15T01:11:12.759+0100] {python.py:237} INFO - Done. Returned value was: None
[2025-06-15T01:11:12.759+0100] {taskinstance.py:441} INFO - ::group::Post task execution logs
[2025-06-15T01:11:12.761+0100] {taskinstance.py:1206} INFO - Marking task as SUCCESS. dag_id=customer_churn_training_dag, task_id=compare_accuracies, run_id=manual__2025-06-15T00:10:58.712423+00:00, execution_date=20250615T001058, start_date=20250615T001112, end_date=20250615T001112
[2025-06-15T01:11:12.797+0100] {local_task_job_runner.py:243} INFO - Task exited with return code 0
[2025-06-15T01:11:12.802+0100] {taskinstance.py:3503} INFO - 0 downstream tasks scheduled from follow-on schedule check
[2025-06-15T01:11:12.803+0100] {local_task_job_runner.py:222} INFO - ::endgroup::
