[2025-06-14T22:40:46.140+0100] {local_task_job_runner.py:120} INFO - ::group::Pre task execution logs
[2025-06-14T22:40:46.147+0100] {taskinstance.py:2076} INFO - Dependencies all met for dep_context=non-requeueable deps ti=<TaskInstance: customer_churn_training_dag.run_mlflow_server manual__2025-06-14T21:38:54.938081+00:00 [queued]>
[2025-06-14T22:40:46.150+0100] {taskinstance.py:2076} INFO - Dependencies all met for dep_context=requeueable deps ti=<TaskInstance: customer_churn_training_dag.run_mlflow_server manual__2025-06-14T21:38:54.938081+00:00 [queued]>
[2025-06-14T22:40:46.150+0100] {taskinstance.py:2306} INFO - Starting attempt 1 of 1
[2025-06-14T22:40:46.158+0100] {taskinstance.py:2330} INFO - Executing <Task(BashOperator): run_mlflow_server> on 2025-06-14 21:38:54.938081+00:00
[2025-06-14T22:40:46.160+0100] {standard_task_runner.py:64} INFO - Started process 155358 to run task
[2025-06-14T22:40:46.162+0100] {standard_task_runner.py:90} INFO - Running: ['airflow', 'tasks', 'run', 'customer_churn_training_dag', 'run_mlflow_server', 'manual__2025-06-14T21:38:54.938081+00:00', '--job-id', '85', '--raw', '--subdir', 'DAGS_FOLDER/dag.py', '--cfg-path', '/tmp/tmp0x6ckmmv']
[2025-06-14T22:40:46.163+0100] {standard_task_runner.py:91} INFO - Job 85: Subtask run_mlflow_server
[2025-06-14T22:40:46.182+0100] {task_command.py:426} INFO - Running <TaskInstance: customer_churn_training_dag.run_mlflow_server manual__2025-06-14T21:38:54.938081+00:00 [running]> on host neonm.
[2025-06-14T22:40:46.218+0100] {taskinstance.py:2648} INFO - Exporting env vars: AIRFLOW_CTX_DAG_OWNER='airflow' AIRFLOW_CTX_DAG_ID='customer_churn_training_dag' AIRFLOW_CTX_TASK_ID='run_mlflow_server' AIRFLOW_CTX_EXECUTION_DATE='2025-06-14T21:38:54.938081+00:00' AIRFLOW_CTX_TRY_NUMBER='1' AIRFLOW_CTX_DAG_RUN_ID='manual__2025-06-14T21:38:54.938081+00:00'
[2025-06-14T22:40:46.219+0100] {taskinstance.py:430} INFO - ::endgroup::
[2025-06-14T22:40:46.219+0100] {subprocess.py:63} INFO - Tmp dir root location: /tmp
[2025-06-14T22:40:46.220+0100] {subprocess.py:75} INFO - Running command: ['/usr/bin/bash', '-c', 'mlflow server --backend-store-uri sqlite:///mlflow.db --host 127.0.0.1 --port 5000']
[2025-06-14T22:40:46.223+0100] {subprocess.py:86} INFO - Output:
[2025-06-14T22:40:47.012+0100] {subprocess.py:93} INFO - 2025/06/14 22:40:47 INFO mlflow.store.db.utils: Creating initial MLflow database tables...
[2025-06-14T22:40:47.034+0100] {subprocess.py:93} INFO - 2025/06/14 22:40:47 INFO mlflow.store.db.utils: Updating database tables
[2025-06-14T22:40:47.036+0100] {subprocess.py:93} INFO - INFO  [alembic.runtime.migration] Context impl SQLiteImpl.
[2025-06-14T22:40:47.036+0100] {subprocess.py:93} INFO - INFO  [alembic.runtime.migration] Will assume non-transactional DDL.
[2025-06-14T22:40:47.049+0100] {subprocess.py:93} INFO - INFO  [alembic.runtime.migration] Running upgrade  -> 451aebb31d03, add metric step
[2025-06-14T22:40:47.064+0100] {subprocess.py:93} INFO - INFO  [alembic.runtime.migration] Running upgrade 451aebb31d03 -> 90e64c465722, migrate user column to tags
[2025-06-14T22:40:47.068+0100] {subprocess.py:93} INFO - INFO  [alembic.runtime.migration] Running upgrade 90e64c465722 -> 181f10493468, allow nulls for metric values
[2025-06-14T22:40:47.077+0100] {subprocess.py:93} INFO - INFO  [alembic.runtime.migration] Running upgrade 181f10493468 -> df50e92ffc5e, Add Experiment Tags Table
[2025-06-14T22:40:47.082+0100] {subprocess.py:93} INFO - INFO  [alembic.runtime.migration] Running upgrade df50e92ffc5e -> 7ac759974ad8, Update run tags with larger limit
[2025-06-14T22:40:47.091+0100] {subprocess.py:93} INFO - INFO  [alembic.runtime.migration] Running upgrade 7ac759974ad8 -> 89d4b8295536, create latest metrics table
[2025-06-14T22:40:47.123+0100] {subprocess.py:93} INFO - INFO  [89d4b8295536_create_latest_metrics_table_py] Migration complete!
[2025-06-14T22:40:47.126+0100] {subprocess.py:93} INFO - INFO  [alembic.runtime.migration] Running upgrade 89d4b8295536 -> 2b4d017a5e9b, add model registry tables to db
[2025-06-14T22:40:47.126+0100] {subprocess.py:93} INFO - INFO  [2b4d017a5e9b_add_model_registry_tables_to_db_py] Adding registered_models and model_versions tables to database.
[2025-06-14T22:40:47.134+0100] {subprocess.py:93} INFO - INFO  [2b4d017a5e9b_add_model_registry_tables_to_db_py] Migration complete!
[2025-06-14T22:40:47.137+0100] {subprocess.py:93} INFO - INFO  [alembic.runtime.migration] Running upgrade 2b4d017a5e9b -> cfd24bdc0731, Update run status constraint with killed
[2025-06-14T22:40:47.147+0100] {subprocess.py:93} INFO - INFO  [alembic.runtime.migration] Running upgrade cfd24bdc0731 -> 0a8213491aaa, drop_duplicate_killed_constraint
[2025-06-14T22:40:47.149+0100] {subprocess.py:93} INFO - INFO  [alembic.runtime.migration] Running upgrade 0a8213491aaa -> 728d730b5ebd, add registered model tags table
[2025-06-14T22:40:47.154+0100] {subprocess.py:93} INFO - INFO  [alembic.runtime.migration] Running upgrade 728d730b5ebd -> 27a6a02d2cf1, add model version tags table
[2025-06-14T22:40:47.160+0100] {subprocess.py:93} INFO - INFO  [alembic.runtime.migration] Running upgrade 27a6a02d2cf1 -> 84291f40a231, add run_link to model_version
[2025-06-14T22:40:47.164+0100] {subprocess.py:93} INFO - INFO  [alembic.runtime.migration] Running upgrade 84291f40a231 -> a8c4a736bde6, allow nulls for run_id
[2025-06-14T22:40:47.174+0100] {subprocess.py:93} INFO - INFO  [alembic.runtime.migration] Running upgrade a8c4a736bde6 -> 39d1c3be5f05, add_is_nan_constraint_for_metrics_tables_if_necessary
[2025-06-14T22:40:47.189+0100] {subprocess.py:93} INFO - INFO  [alembic.runtime.migration] Running upgrade 39d1c3be5f05 -> c48cb773bb87, reset_default_value_for_is_nan_in_metrics_table_for_mysql
[2025-06-14T22:40:47.191+0100] {subprocess.py:93} INFO - INFO  [alembic.runtime.migration] Running upgrade c48cb773bb87 -> bd07f7e963c5, create index on run_uuid
[2025-06-14T22:40:47.205+0100] {subprocess.py:93} INFO - INFO  [alembic.runtime.migration] Running upgrade bd07f7e963c5 -> 0c779009ac13, add deleted_time field to runs table
[2025-06-14T22:40:47.209+0100] {subprocess.py:93} INFO - INFO  [alembic.runtime.migration] Running upgrade 0c779009ac13 -> cc1f77228345, change param value length to 500
[2025-06-14T22:40:47.219+0100] {subprocess.py:93} INFO - INFO  [alembic.runtime.migration] Running upgrade cc1f77228345 -> 97727af70f4d, Add creation_time and last_update_time to experiments table
[2025-06-14T22:40:47.226+0100] {subprocess.py:93} INFO - INFO  [alembic.runtime.migration] Running upgrade 97727af70f4d -> 3500859a5d39, Add Model Aliases table
[2025-06-14T22:40:47.231+0100] {subprocess.py:93} INFO - INFO  [alembic.runtime.migration] Running upgrade 3500859a5d39 -> 7f2a7d5fae7d, add datasets inputs input_tags tables
[2025-06-14T22:40:47.253+0100] {subprocess.py:93} INFO - INFO  [alembic.runtime.migration] Running upgrade 7f2a7d5fae7d -> 2d6e25af4d3e, increase max param val length from 500 to 8000
[2025-06-14T22:40:47.264+0100] {subprocess.py:93} INFO - INFO  [alembic.runtime.migration] Running upgrade 2d6e25af4d3e -> acf3f17fdcc7, add storage location field to model versions
[2025-06-14T22:40:47.269+0100] {subprocess.py:93} INFO - INFO  [alembic.runtime.migration] Running upgrade acf3f17fdcc7 -> 867495a8f9d4, add trace tables
[2025-06-14T22:40:47.289+0100] {subprocess.py:93} INFO - INFO  [alembic.runtime.migration] Running upgrade 867495a8f9d4 -> 5b0e9adcef9c, add cascade deletion to trace tables foreign keys
[2025-06-14T22:40:47.304+0100] {subprocess.py:93} INFO - INFO  [alembic.runtime.migration] Running upgrade 5b0e9adcef9c -> 4465047574b1, increase max dataset schema size
[2025-06-14T22:40:47.306+0100] {subprocess.py:93} INFO - INFO  [alembic.runtime.migration] Running upgrade 4465047574b1 -> f5a4f2784254, increase run tag value limit to 8000
[2025-06-14T22:40:47.315+0100] {subprocess.py:93} INFO - INFO  [alembic.runtime.migration] Running upgrade f5a4f2784254 -> 0584bdc529eb, add cascading deletion to datasets from experiments
[2025-06-14T22:40:47.323+0100] {subprocess.py:93} INFO - INFO  [alembic.runtime.migration] Running upgrade 0584bdc529eb -> 400f98739977, add logged model tables
[2025-06-14T22:40:47.341+0100] {subprocess.py:93} INFO - INFO  [alembic.runtime.migration] Running upgrade 400f98739977 -> 6953534de441, add step to inputs table
[2025-06-14T22:40:47.351+0100] {subprocess.py:93} INFO - INFO  [alembic.runtime.migration] Context impl SQLiteImpl.
[2025-06-14T22:40:47.351+0100] {subprocess.py:93} INFO - INFO  [alembic.runtime.migration] Will assume non-transactional DDL.
[2025-06-14T22:40:47.364+0100] {subprocess.py:93} INFO - 2025/06/14 22:40:47 INFO mlflow.store.db.utils: Creating initial MLflow database tables...
[2025-06-14T22:40:47.365+0100] {subprocess.py:93} INFO - 2025/06/14 22:40:47 INFO mlflow.store.db.utils: Updating database tables
[2025-06-14T22:40:47.366+0100] {subprocess.py:93} INFO - INFO  [alembic.runtime.migration] Context impl SQLiteImpl.
[2025-06-14T22:40:47.366+0100] {subprocess.py:93} INFO - INFO  [alembic.runtime.migration] Will assume non-transactional DDL.
[2025-06-14T22:40:47.416+0100] {subprocess.py:93} INFO - [2025-06-14 22:40:47 +0100] [155408] [INFO] Starting gunicorn 21.2.0
[2025-06-14T22:40:47.416+0100] {subprocess.py:93} INFO - [2025-06-14 22:40:47 +0100] [155408] [INFO] Listening at: http://127.0.0.1:5000 (155408)
[2025-06-14T22:40:47.416+0100] {subprocess.py:93} INFO - [2025-06-14 22:40:47 +0100] [155408] [INFO] Using worker: sync
[2025-06-14T22:40:47.418+0100] {subprocess.py:93} INFO - [2025-06-14 22:40:47 +0100] [155409] [INFO] Booting worker with pid: 155409
[2025-06-14T22:40:47.427+0100] {subprocess.py:93} INFO - [2025-06-14 22:40:47 +0100] [155410] [INFO] Booting worker with pid: 155410
[2025-06-14T22:40:47.437+0100] {subprocess.py:93} INFO - [2025-06-14 22:40:47 +0100] [155411] [INFO] Booting worker with pid: 155411
[2025-06-14T22:40:47.504+0100] {subprocess.py:93} INFO - [2025-06-14 22:40:47 +0100] [155412] [INFO] Booting worker with pid: 155412
[2025-06-14T22:40:54.789+0100] {subprocess.py:93} INFO - 2025/06/14 22:40:54 INFO mlflow.store.db.utils: Creating initial MLflow database tables...
[2025-06-14T22:40:54.789+0100] {subprocess.py:93} INFO - 2025/06/14 22:40:54 INFO mlflow.store.db.utils: Updating database tables
[2025-06-14T22:40:54.791+0100] {subprocess.py:93} INFO - INFO  [alembic.runtime.migration] Context impl SQLiteImpl.
[2025-06-14T22:40:54.791+0100] {subprocess.py:93} INFO - INFO  [alembic.runtime.migration] Will assume non-transactional DDL.
[2025-06-14T22:40:54.805+0100] {subprocess.py:93} INFO - INFO  [alembic.runtime.migration] Context impl SQLiteImpl.
[2025-06-14T22:40:54.805+0100] {subprocess.py:93} INFO - INFO  [alembic.runtime.migration] Will assume non-transactional DDL.
[2025-06-14T22:41:25.327+0100] {subprocess.py:93} INFO - [2025-06-14 22:41:25 +0100] [155408] [CRITICAL] WORKER TIMEOUT (pid:155411)
[2025-06-14T22:41:25.328+0100] {subprocess.py:93} INFO - [2025-06-14 22:41:25 +0100] [155411] [INFO] Worker exiting (pid: 155411)
[2025-06-14T22:41:25.415+0100] {subprocess.py:93} INFO - [2025-06-14 22:41:25 +0100] [155408] [ERROR] Worker (pid:155411) exited with code 1
[2025-06-14T22:41:25.415+0100] {subprocess.py:93} INFO - [2025-06-14 22:41:25 +0100] [155408] [ERROR] Worker (pid:155411) exited with code 1.
[2025-06-14T22:41:25.416+0100] {subprocess.py:93} INFO - [2025-06-14 22:41:25 +0100] [156220] [INFO] Booting worker with pid: 156220
[2025-06-14T22:41:25.831+0100] {subprocess.py:93} INFO - 2025/06/14 22:41:25 INFO mlflow.store.db.utils: Creating initial MLflow database tables...
[2025-06-14T22:41:25.831+0100] {subprocess.py:93} INFO - 2025/06/14 22:41:25 INFO mlflow.store.db.utils: Updating database tables
[2025-06-14T22:41:25.831+0100] {subprocess.py:93} INFO - INFO  [alembic.runtime.migration] Context impl SQLiteImpl.
[2025-06-14T22:41:25.831+0100] {subprocess.py:93} INFO - INFO  [alembic.runtime.migration] Will assume non-transactional DDL.
[2025-06-14T22:41:25.851+0100] {subprocess.py:93} INFO - INFO  [alembic.runtime.migration] Context impl SQLiteImpl.
[2025-06-14T22:41:25.851+0100] {subprocess.py:93} INFO - INFO  [alembic.runtime.migration] Will assume non-transactional DDL.
[2025-06-14T22:41:56.205+0100] {subprocess.py:93} INFO - [2025-06-14 22:41:56 +0100] [155408] [CRITICAL] WORKER TIMEOUT (pid:155410)
[2025-06-14T22:41:56.206+0100] {subprocess.py:93} INFO - [2025-06-14 22:41:56 +0100] [155410] [INFO] Worker exiting (pid: 155410)
[2025-06-14T22:41:56.322+0100] {subprocess.py:93} INFO - [2025-06-14 22:41:56 +0100] [155408] [ERROR] Worker (pid:155410) exited with code 1
[2025-06-14T22:41:56.323+0100] {subprocess.py:93} INFO - [2025-06-14 22:41:56 +0100] [155408] [ERROR] Worker (pid:155410) exited with code 1.
[2025-06-14T22:41:56.324+0100] {subprocess.py:93} INFO - [2025-06-14 22:41:56 +0100] [156523] [INFO] Booting worker with pid: 156523
[2025-06-14T22:41:56.992+0100] {subprocess.py:93} INFO - 2025/06/14 22:41:56 INFO mlflow.store.db.utils: Creating initial MLflow database tables...
[2025-06-14T22:41:56.993+0100] {subprocess.py:93} INFO - 2025/06/14 22:41:56 INFO mlflow.store.db.utils: Updating database tables
[2025-06-14T22:41:56.995+0100] {subprocess.py:93} INFO - INFO  [alembic.runtime.migration] Context impl SQLiteImpl.
[2025-06-14T22:41:56.995+0100] {subprocess.py:93} INFO - INFO  [alembic.runtime.migration] Will assume non-transactional DDL.
[2025-06-14T22:41:57.011+0100] {subprocess.py:93} INFO - INFO  [alembic.runtime.migration] Context impl SQLiteImpl.
[2025-06-14T22:41:57.011+0100] {subprocess.py:93} INFO - INFO  [alembic.runtime.migration] Will assume non-transactional DDL.
[2025-06-14T22:42:22.576+0100] {local_task_job_runner.py:222} INFO - ::endgroup::
[2025-06-14T22:42:22.583+0100] {process_utils.py:132} INFO - Sending Signals.SIGTERM to group 155358. PIDs of all processes in the group: [155359, 155408, 155409, 155412, 156220, 156523, 155358]
[2025-06-14T22:42:22.583+0100] {process_utils.py:87} INFO - Sending the signal Signals.SIGTERM to group 155358
[2025-06-14T22:42:22.583+0100] {taskinstance.py:2611} ERROR - Received SIGTERM. Terminating subprocesses.
[2025-06-14T22:42:22.583+0100] {subprocess.py:104} INFO - Sending SIGTERM signal to process group
[2025-06-14T22:42:22.584+0100] {taskinstance.py:441} INFO - ::group::Post task execution logs
[2025-06-14T22:42:22.597+0100] {taskinstance.py:2905} ERROR - Task failed with exception
Traceback (most recent call last):
  File "/home/press/miniconda3/envs/acronis/lib/python3.9/site-packages/airflow/models/taskinstance.py", line 465, in _execute_task
    result = _execute_callable(context=context, **execute_callable_kwargs)
  File "/home/press/miniconda3/envs/acronis/lib/python3.9/site-packages/airflow/models/taskinstance.py", line 432, in _execute_callable
    return execute_callable(context=context, **execute_callable_kwargs)
  File "/home/press/miniconda3/envs/acronis/lib/python3.9/site-packages/airflow/models/baseoperator.py", line 401, in wrapper
    return func(self, *args, **kwargs)
  File "/home/press/miniconda3/envs/acronis/lib/python3.9/site-packages/airflow/operators/bash.py", line 234, in execute
    result = self.subprocess_hook.run_command(
  File "/home/press/miniconda3/envs/acronis/lib/python3.9/site-packages/airflow/hooks/subprocess.py", line 91, in run_command
    for raw_line in iter(self.sub_process.stdout.readline, b""):
  File "/home/press/miniconda3/envs/acronis/lib/python3.9/site-packages/airflow/models/taskinstance.py", line 2613, in signal_handler
    raise AirflowTaskTerminated("Task received SIGTERM signal")
airflow.exceptions.AirflowTaskTerminated: Task received SIGTERM signal
[2025-06-14T22:42:22.599+0100] {taskinstance.py:1206} INFO - Marking task as FAILED. dag_id=customer_churn_training_dag, task_id=run_mlflow_server, run_id=manual__2025-06-14T21:38:54.938081+00:00, execution_date=20250614T213854, start_date=20250614T214046, end_date=20250614T214222
[2025-06-14T22:42:22.610+0100] {process_utils.py:80} INFO - Process psutil.Process(pid=155412, status='terminated', started='22:40:46') (155412) terminated with exit code None
[2025-06-14T22:42:22.783+0100] {process_utils.py:80} INFO - Process psutil.Process(pid=155409, status='terminated', started='22:40:46') (155409) terminated with exit code None
[2025-06-14T22:42:22.783+0100] {process_utils.py:80} INFO - Process psutil.Process(pid=156220, status='terminated', started='22:41:23') (156220) terminated with exit code None
[2025-06-14T22:42:22.783+0100] {process_utils.py:80} INFO - Process psutil.Process(pid=155358, status='terminated', exitcode=2, started='22:40:45') (155358) terminated with exit code 2
[2025-06-14T22:42:22.783+0100] {process_utils.py:80} INFO - Process psutil.Process(pid=155359, status='terminated', started='22:40:45') (155359) terminated with exit code None
